#
# A fatal error has been detected by the Java Runtime Environment:
#
#  SIGSEGV (0xb) at pc=0x00007fcb541cab27, pid=7341, tid=140510930728704
#
# JRE version: OpenJDK Runtime Environment (7.0_131) (build 1.7.0_131-b00)
# Java VM: OpenJDK 64-Bit Server VM (24.131-b00 mixed mode linux-amd64 compressed oops)
# Derivative: IcedTea 2.6.9
# Distribution: Ubuntu 14.04 LTS, package 7u131-2.6.9-0ubuntu0.14.04.2
# Problematic frame:
# C  [libc.so.6+0x9ab27]
#
# Failed to write core dump. Core dumps have been disabled. To enable core dumping, try "ulimit -c unlimited" before starting Java again
#
# If you would like to submit a bug report, please include
# instructions on how to reproduce the bug and visit:
#   http://icedtea.classpath.org/bugzilla
# The crash happened outside the Java Virtual Machine in native code.
# See problematic frame for where to report the bug.
#

---------------  T H R E A D  ---------------

Current thread (0x00007fcacc002800):  JavaThread "http-bio-9091-exec-3" daemon [_thread_in_native, id=7458, stack(0x00007fcb400cf000,0x00007fcb401d0000)]

siginfo:si_signo=SIGSEGV: si_errno=0, si_code=2 (SEGV_ACCERR), si_addr=0x00007fcb40911000

Registers:
RAX=0x000000006c908590, RBX=0x00007fcaec003ae0, RCX=0x00007fcad4008a80, RDX=0x00007fcad400d2c0
RSP=0x00007fcb401cabd8, RBP=0x00007fcb401cac40, RSI=0x00007fcb4090eb20, RDI=0x00007fcad4006590
R8 =0x000000006c908580, R9 =0x000000006c908570, R10=0x000000006c908560, R11=0x00000007e0b54000
R12=0x000000007373616c, R13=0x00007fcb4090eac2, R14=0x00007fcad4001780, R15=0x0000000000006e6f
RIP=0x00007fcb541cab27, EFLAGS=0x0000000000010202, CSGSFS=0x0000000000000033, ERR=0x0000000000000004
  TRAPNO=0x000000000000000e

Top of Stack: (sp=0x00007fcb401cabd8)
0x00007fcb401cabd8:   00007fcb5143513b 00007fcb00000002
0x00007fcb401cabe8:   000000006f632f69 0000000100006d6d
0x00007fcb401cabf8:   00000000732fac50 000000006e697274
0x00007fcb401cac08:   0000000000006d6d 00007fcb401cacb0
0x00007fcb401cac18:   00007fcaec010bd0 00007fcaec003ae0
0x00007fcb401cac28:   00007fcb401cacb0 00007fcaee6b32f0
0x00007fcb401cac38:   00000000bb054470 00007fcb401cac90
0x00007fcb401cac48:   00007fcb51435d7d 00007fcacc002800
0x00007fcb401cac58:   0000002aec0008f0 000000077b007820
0x00007fcb401cac68:   00007fcb401cacb0 00007fcb401cb108
0x00007fcb401cac78:   00007fcb401cacb0 000000000000002a
0x00007fcb401cac88:   00007fcacc0029d8 00007fcb401cb0f0
0x00007fcb401cac98:   00007fcb514339c8 00000001401caea0
0x00007fcb401caca8:   00007fcaec003ae0 7373616c632f6167
0x00007fcb401cacb8:   6e6f6d6d6f632f69 7265706c65682f73
0x00007fcb401cacc8:   43676e697274532f 616c632e6b636568
0x00007fcb401cacd8:   00007fcb00007373 00007fcb401cae30
0x00007fcb401cace8:   00007fcb532e0e02 0000000000000000
0x00007fcb401cacf8:   00007fcacc0029d8 00000000000003d8
0x00007fcb401cad08:   00007fcafc2616d8 00007fcafc261300
0x00007fcb401cad18:   00007fcb0000000d 00007fcafc2612f0
0x00007fcb401cad28:   00007fcb401cae50 ffffffffffffffff
0x00007fcb401cad38:   00007fcb5004f851 00007fcb53a8e950
0x00007fcb401cad48:   00007fcb5004f850 000000005367b85b
0x00007fcb401cad58:   00007fcb53667e8b 0000000000000000
0x00007fcb401cad68:   0000000700000020 00007fcae80021c0
0x00007fcb401cad78:   00007fcb00000000 000000077d9b10f0
0x00007fcb401cad88:   00000007e0b53c00 0000000785d019c8
0x00007fcb401cad98:   000000077d9b10f0 000000077e4ce820
0x00007fcb401cada8:   0000000000000000 00007fcb7d69f020
0x00007fcb401cadb8:   00007fcb5004d6c1 00007fcb401cae20
0x00007fcb401cadc8:   00007fcb530101b0 00007fcb401cb3f0 

Instructions: (pc=0x00007fcb541cab27)
0x00007fcb541cab07:   10 4d 8d 42 20 49 8d 42 30 f3 46 0f 6f 04 11 66
0x00007fcb541cab17:   44 0f 7f 01 f3 46 0f 6f 04 09 66 44 0f 7f 41 10
0x00007fcb541cab27:   f3 46 0f 6f 04 01 66 44 0f 7f 41 20 f3 44 0f 6f
0x00007fcb541cab37:   04 01 66 44 0f 7f 41 30 48 83 c1 40 48 39 ca 75 

Register to memory mapping:

RAX=0x000000006c908590 is an unknown value
RBX=0x00007fcaec003ae0 is an unknown value
RCX=0x00007fcad4008a80 is an unknown value
RDX=0x00007fcad400d2c0 is an unknown value
RSP=0x00007fcb401cabd8 is pointing into the stack for thread: 0x00007fcacc002800
RBP=0x00007fcb401cac40 is pointing into the stack for thread: 0x00007fcacc002800
RSI=0x00007fcb4090eb20 is an unknown value
RDI=0x00007fcad4006590 is an unknown value
R8 =0x000000006c908580 is an unknown value
R9 =0x000000006c908570 is an unknown value
R10=0x000000006c908560 is an unknown value
R11=0x00000007e0b54000 is an oop
[B 
 - klass: {type array byte}
 - length: 126
R12=0x000000007373616c is an unknown value
R13=0x00007fcb4090eac2 is an unknown value
R14=0x00007fcad4001780 is an unknown value
R15=0x0000000000006e6f is an unknown value


Stack: [0x00007fcb400cf000,0x00007fcb401d0000],  sp=0x00007fcb401cabd8,  free space=1006k
Native frames: (J=compiled Java code, j=interpreted, Vv=VM code, C=native code)
C  [libc.so.6+0x9ab27]
C  [libzip.so+0x5d7d]  ZIP_GetEntry+0xcd
C  [libzip.so+0x39c8]  Java_java_util_zip_ZipFile_getEntry+0xa8
J 31  java.util.zip.ZipFile.getEntry(J[BZ)J (0 bytes) @ 0x00007fcb49072c2e [0x00007fcb49072b60+0xce]

Java frames: (J=compiled Java code, j=interpreted, Vv=VM code)
J 31  java.util.zip.ZipFile.getEntry(J[BZ)J (0 bytes) @ 0x00007fcb49072bb8 [0x00007fcb49072b60+0x58]
J 1047 C2 java.util.zip.ZipFile.getEntry(Ljava/lang/String;)Ljava/util/zip/ZipEntry; (86 bytes) @ 0x00007fcb492813e8 [0x00007fcb492810a0+0x348]
J 1052 C2 java.util.jar.JarFile.getEntry(Ljava/lang/String;)Ljava/util/zip/ZipEntry; (22 bytes) @ 0x00007fcb492872d8 [0x00007fcb492872a0+0x38]
J 988 C2 sun.misc.URLClassPath.getResource(Ljava/lang/String;Z)Lsun/misc/Resource; (74 bytes) @ 0x00007fcb492fffb0 [0x00007fcb492ffe20+0x190]
J 1028 C2 java.net.URLClassLoader$1.run()Ljava/lang/Object; (5 bytes) @ 0x00007fcb4919c5fc [0x00007fcb4919c420+0x1dc]
v  ~StubRoutines::call_stub
J 1051  java.security.AccessController.doPrivileged(Ljava/security/PrivilegedExceptionAction;Ljava/security/AccessControlContext;)Ljava/lang/Object; (0 bytes) @ 0x00007fcb492852c3 [0x00007fcb49285260+0x63]
J 1026 C2 java.net.URLClassLoader.findClass(Ljava/lang/String;)Ljava/lang/Class; (29 bytes) @ 0x00007fcb4910e5d4 [0x00007fcb4910e540+0x94]
j  org.apache.catalina.loader.WebappClassLoader.findClass(Ljava/lang/String;)Ljava/lang/Class;+424
j  org.apache.catalina.loader.WebappClassLoader.loadClass(Ljava/lang/String;Z)Ljava/lang/Class;+451
j  org.apache.catalina.loader.WebappClassLoader.loadClass(Ljava/lang/String;)Ljava/lang/Class;+3
v  ~StubRoutines::call_stub
j  ga.classi.data.helper.DataValidation.validateEmpty(Ljava/lang/String;Ljava/lang/String;)V+1
j  ga.classi.data.service.UserService.addUser(Lga/classi/data/helper/Dto;)Lga/classi/data/helper/Dto;+103
j  ga.classi.data.service.UserService$$FastClassBySpringCGLIB$$69893296.invoke(ILjava/lang/Object;[Ljava/lang/Object;)Ljava/lang/Object;+191
j  org.springframework.cglib.proxy.MethodProxy.invoke(Ljava/lang/Object;[Ljava/lang/Object;)Ljava/lang/Object;+19
j  org.springframework.aop.framework.CglibAopProxy$CglibMethodInvocation.invokeJoinpoint()Ljava/lang/Object;+19
j  org.springframework.aop.framework.ReflectiveMethodInvocation.proceed()Ljava/lang/Object;+19
j  org.springframework.transaction.interceptor.TransactionInterceptor$1.proceedWithInvocation()Ljava/lang/Object;+4
j  org.springframework.transaction.interceptor.TransactionAspectSupport.invokeWithinTransaction(Ljava/lang/reflect/Method;Ljava/lang/Class;Lorg/springframework/transaction/interceptor/TransactionAspectSupport$InvocationCallback;)Ljava/lang/Object;+60
j  org.springframework.transaction.interceptor.TransactionInterceptor.invoke(Lorg/aopalliance/intercept/MethodInvocation;)Ljava/lang/Object;+40
j  org.springframework.aop.framework.ReflectiveMethodInvocation.proceed()Ljava/lang/Object;+101
j  org.springframework.aop.framework.CglibAopProxy$DynamicAdvisedInterceptor.intercept(Ljava/lang/Object;Ljava/lang/reflect/Method;[Ljava/lang/Object;Lorg/springframework/cglib/proxy/MethodProxy;)Ljava/lang/Object;+120
j  ga.classi.data.service.UserService$$EnhancerBySpringCGLIB$$46612029.addUser(Lga/classi/data/helper/Dto;)Lga/classi/data/helper/Dto;+36
j  ga.classi.rest.controller.settings.UserController.addUser()Lga/classi/rest/helper/ResponseObject;+11
v  ~StubRoutines::call_stub
j  sun.reflect.NativeMethodAccessorImpl.invoke0(Ljava/lang/reflect/Method;Ljava/lang/Object;[Ljava/lang/Object;)Ljava/lang/Object;+0
j  sun.reflect.NativeMethodAccessorImpl.invoke(Ljava/lang/Object;[Ljava/lang/Object;)Ljava/lang/Object;+87
J 1153 C2 sun.reflect.DelegatingMethodAccessorImpl.invoke(Ljava/lang/Object;[Ljava/lang/Object;)Ljava/lang/Object; (10 bytes) @ 0x00007fcb49081a68 [0x00007fcb49081a20+0x48]
j  java.lang.reflect.Method.invoke(Ljava/lang/Object;[Ljava/lang/Object;)Ljava/lang/Object;+57
j  org.springframework.web.method.support.InvocableHandlerMethod.doInvoke([Ljava/lang/Object;)Ljava/lang/Object;+16
j  org.springframework.web.method.support.InvocableHandlerMethod.invokeForRequest(Lorg/springframework/web/context/request/NativeWebRequest;Lorg/springframework/web/method/support/ModelAndViewContainer;[Ljava/lang/Object;)Ljava/lang/Object;+75
j  org.springframework.web.servlet.mvc.method.annotation.ServletInvocableHandlerMethod.invokeAndHandle(Lorg/springframework/web/context/request/ServletWebRequest;Lorg/springframework/web/method/support/ModelAndViewContainer;[Ljava/lang/Object;)V+4
j  org.springframework.web.servlet.mvc.method.annotation.RequestMappingHandlerAdapter.invokeHandlerMethod(Ljavax/servlet/http/HttpServletRequest;Ljavax/servlet/http/HttpServletResponse;Lorg/springframework/web/method/HandlerMethod;)Lorg/springframework/web/servlet/ModelAndView;+262
j  org.springframework.web.servlet.mvc.method.annotation.RequestMappingHandlerAdapter.handleInternal(Ljavax/servlet/http/HttpServletRequest;Ljavax/servlet/http/HttpServletResponse;Lorg/springframework/web/method/HandlerMethod;)Lorg/springframework/web/servlet/ModelAndView;+81
j  org.springframework.web.servlet.mvc.method.AbstractHandlerMethodAdapter.handle(Ljavax/servlet/http/HttpServletRequest;Ljavax/servlet/http/HttpServletResponse;Ljava/lang/Object;)Lorg/springframework/web/servlet/ModelAndView;+7
j  org.springframework.web.servlet.DispatcherServlet.doDispatch(Ljavax/servlet/http/HttpServletRequest;Ljavax/servlet/http/HttpServletResponse;)V+318
j  org.springframework.web.servlet.DispatcherServlet.doService(Ljavax/servlet/http/HttpServletRequest;Ljavax/servlet/http/HttpServletResponse;)V+301
j  org.springframework.web.servlet.FrameworkServlet.processRequest(Ljavax/servlet/http/HttpServletRequest;Ljavax/servlet/http/HttpServletResponse;)V+71
j  org.springframework.web.servlet.FrameworkServlet.doPost(Ljavax/servlet/http/HttpServletRequest;Ljavax/servlet/http/HttpServletResponse;)V+3
j  javax.servlet.http.HttpServlet.service(Ljavax/servlet/http/HttpServletRequest;Ljavax/servlet/http/HttpServletResponse;)V+149
j  org.springframework.web.servlet.FrameworkServlet.service(Ljavax/servlet/http/HttpServletRequest;Ljavax/servlet/http/HttpServletResponse;)V+33
j  javax.servlet.http.HttpServlet.service(Ljavax/servlet/ServletRequest;Ljavax/servlet/ServletResponse;)V+30
j  org.apache.catalina.core.ApplicationFilterChain.internalDoFilter(Ljavax/servlet/ServletRequest;Ljavax/servlet/ServletResponse;)V+446
j  org.apache.catalina.core.ApplicationFilterChain.doFilter(Ljavax/servlet/ServletRequest;Ljavax/servlet/ServletResponse;)V+101
j  org.apache.tomcat.websocket.server.WsFilter.doFilter(Ljavax/servlet/ServletRequest;Ljavax/servlet/ServletResponse;Ljavax/servlet/FilterChain;)V+11
j  org.apache.catalina.core.ApplicationFilterChain.internalDoFilter(Ljavax/servlet/ServletRequest;Ljavax/servlet/ServletResponse;)V+151
j  org.apache.catalina.core.ApplicationFilterChain.doFilter(Ljavax/servlet/ServletRequest;Ljavax/servlet/ServletResponse;)V+101
j  org.apache.catalina.core.StandardWrapperValve.invoke(Lorg/apache/catalina/connector/Request;Lorg/apache/catalina/connector/Response;)V+783
j  org.apache.catalina.core.StandardContextValve.invoke(Lorg/apache/catalina/connector/Request;Lorg/apache/catalina/connector/Response;)V+166
j  org.apache.catalina.authenticator.AuthenticatorBase.invoke(Lorg/apache/catalina/connector/Request;Lorg/apache/catalina/connector/Response;)V+449
j  org.apache.catalina.core.StandardHostValve.invoke(Lorg/apache/catalina/connector/Request;Lorg/apache/catalina/connector/Response;)V+148
j  org.apache.catalina.valves.ErrorReportValve.invoke(Lorg/apache/catalina/connector/Request;Lorg/apache/catalina/connector/Response;)V+6
j  org.apache.catalina.valves.AccessLogValve.invoke(Lorg/apache/catalina/connector/Request;Lorg/apache/catalina/connector/Response;)V+6
j  org.apache.catalina.core.StandardEngineValve.invoke(Lorg/apache/catalina/connector/Request;Lorg/apache/catalina/connector/Response;)V+71
j  org.apache.catalina.connector.CoyoteAdapter.service(Lorg/apache/coyote/Request;Lorg/apache/coyote/Response;)V+196
j  org.apache.coyote.http11.AbstractHttp11Processor.process(Lorg/apache/tomcat/util/net/SocketWrapper;)Lorg/apache/tomcat/util/net/AbstractEndpoint$Handler$SocketState;+640
j  org.apache.coyote.AbstractProtocol$AbstractConnectionHandler.process(Lorg/apache/tomcat/util/net/SocketWrapper;Lorg/apache/tomcat/util/net/SocketStatus;)Lorg/apache/tomcat/util/net/AbstractEndpoint$Handler$SocketState;+206
j  org.apache.tomcat.util.net.JIoEndpoint$SocketProcessor.run()V+130
j  java.util.concurrent.ThreadPoolExecutor.runWorker(Ljava/util/concurrent/ThreadPoolExecutor$Worker;)V+95
j  java.util.concurrent.ThreadPoolExecutor$Worker.run()V+5
j  java.lang.Thread.run()V+11
v  ~StubRoutines::call_stub

---------------  P R O C E S S  ---------------

Java Threads: ( => current thread )
  0x00007fcaa8010000 JavaThread "http-bio-9091-exec-10" daemon [_thread_blocked, id=7731, stack(0x00007fcb335f6000,0x00007fcb336f7000)]
  0x00007fcacc006800 JavaThread "http-bio-9091-exec-9" daemon [_thread_blocked, id=7729, stack(0x00007fcb336f7000,0x00007fcb337f8000)]
  0x00007fcab0001000 JavaThread "http-bio-9091-exec-8" daemon [_thread_blocked, id=7711, stack(0x00007fcb337f8000,0x00007fcb338f9000)]
  0x00007fcacc004800 JavaThread "http-bio-9091-exec-7" daemon [_thread_blocked, id=7709, stack(0x00007fcb338f9000,0x00007fcb339fa000)]
  0x00007fcab8001000 JavaThread "http-bio-9091-exec-6" daemon [_thread_blocked, id=7694, stack(0x00007fcb339fa000,0x00007fcb33afb000)]
  0x00007fcacc003800 JavaThread "http-bio-9091-exec-5" daemon [_thread_blocked, id=7693, stack(0x00007fcb33afb000,0x00007fcb33bfc000)]
  0x00007fcad4022000 JavaThread "http-bio-9091-exec-4" daemon [_thread_blocked, id=7459, stack(0x00007fcb33bfc000,0x00007fcb33cfd000)]
=>0x00007fcacc002800 JavaThread "http-bio-9091-exec-3" daemon [_thread_in_native, id=7458, stack(0x00007fcb400cf000,0x00007fcb401d0000)]
  0x00007fcae819a000 JavaThread "http-bio-9091-exec-2" daemon [_thread_blocked, id=7445, stack(0x00007fcb40911000,0x00007fcb40a12000)]
  0x00007fcacc001000 JavaThread "http-bio-9091-exec-1" daemon [_thread_blocked, id=7443, stack(0x00007fcb40a12000,0x00007fcb40b13000)]
  0x00007fcb4c8cd000 JavaThread "http-bio-9091-AsyncTimeout" daemon [_thread_blocked, id=7396, stack(0x00007fcb33cfd000,0x00007fcb33dfe000)]
  0x00007fcb4c8cc000 JavaThread "http-bio-9091-Acceptor-0" daemon [_thread_in_native, id=7395, stack(0x00007fcb33dfe000,0x00007fcb33eff000)]
  0x00007fcb4c94b800 JavaThread "ContainerBackgroundProcessor[StandardEngine[Tomcat]]" daemon [_thread_blocked, id=7394, stack(0x00007fcb33eff000,0x00007fcb34000000)]
  0x00007fcaef68b000 JavaThread "PostgreSQL-JDBC-SharedTimer-1" daemon [_thread_blocked, id=7382, stack(0x00007fcb401d0000,0x00007fcb402d1000)]
  0x00007fcaef671000 JavaThread "Hikari Housekeeping Timer (pool HikariPool-0)" daemon [_thread_blocked, id=7380, stack(0x00007fcb402d1000,0x00007fcb403d2000)]
  0x00007fcaef66d800 JavaThread "Abandoned connection cleanup thread" daemon [_thread_blocked, id=7379, stack(0x00007fcb403d2000,0x00007fcb404d3000)]
  0x00007fcaecd4c800 JavaThread "Thread-2" daemon [_thread_in_native, id=7378, stack(0x00007fcb404d3000,0x00007fcb405d4000)]
  0x00007fcb4c0b2000 JavaThread "Service Thread" daemon [_thread_blocked, id=7374, stack(0x00007fcb4279d000,0x00007fcb4289e000)]
  0x00007fcb4c0af800 JavaThread "C2 CompilerThread1" daemon [_thread_blocked, id=7373, stack(0x00007fcb4289e000,0x00007fcb4299f000)]
  0x00007fcb4c0ac800 JavaThread "C2 CompilerThread0" daemon [_thread_blocked, id=7372, stack(0x00007fcb4299f000,0x00007fcb42aa0000)]
  0x00007fcb4c0aa800 JavaThread "Signal Dispatcher" daemon [_thread_blocked, id=7371, stack(0x00007fcb42aa0000,0x00007fcb42ba1000)]
  0x00007fcb4c086800 JavaThread "Finalizer" daemon [_thread_blocked, id=7370, stack(0x00007fcb42e6b000,0x00007fcb42f6c000)]
  0x00007fcb4c084800 JavaThread "Reference Handler" daemon [_thread_blocked, id=7369, stack(0x00007fcb42f6c000,0x00007fcb4306d000)]
  0x00007fcb4c00a000 JavaThread "main" [_thread_blocked, id=7359, stack(0x00007fcb547fc000,0x00007fcb548fd000)]

Other Threads:
  0x00007fcb4c07e800 VMThread [stack: 0x00007fcb4306d000,0x00007fcb4316e000] [id=7368]
  0x00007fcb4c0bc800 WatcherThread [stack: 0x00007fcb4269c000,0x00007fcb4279d000] [id=7375]

VM state:not at safepoint (normal execution)

VM Mutex/Monitor currently owned by a thread: None

Heap
 PSYoungGen      total 449536K, used 206540K [0x00000007d7200000, 0x00000007f6a80000, 0x0000000800000000)
  eden space 402944K, 45% used [0x00000007d7200000,0x00000007e23e7c88,0x00000007efb80000)
  from space 46592K, 52% used [0x00000007f3d00000,0x00000007f54cb3d8,0x00000007f6a80000)
  to   space 56832K, 0% used [0x00000007efb80000,0x00000007efb80000,0x00000007f3300000)
 ParOldGen       total 122368K, used 77042K [0x0000000785600000, 0x000000078cd80000, 0x00000007d7200000)
  object space 122368K, 62% used [0x0000000785600000,0x000000078a13cbc0,0x000000078cd80000)
 PSPermGen       total 57856K, used 57687K [0x000000077b000000, 0x000000077e880000, 0x0000000785600000)
  object space 57856K, 99% used [0x000000077b000000,0x000000077e855ed0,0x000000077e880000)

Card table byte_map: [0x00007fcb51007000,0x00007fcb51430000] byte_map_base: 0x00007fcb4d42f000

Polling page: 0x00007fcb54926000

Code Cache  [0x00007fcb49000000, 0x00007fcb493f0000, 0x00007fcb4c000000)
 total_blobs=1519 nmethods=1080 adapters=390 free_code_cache=45523Kb largest_free_block=46255424

Compilation events (10 events):
Event: 438,278 Thread 0x00007fcb4c0af800 nmethod 1362 0x00007fcb4911c8d0 code [0x00007fcb4911ca40, 0x00007fcb4911d0d8]
Event: 547,936 Thread 0x00007fcb4c0ac800 1363             antlr.CharScanner::LA (35 bytes)
Event: 547,938 Thread 0x00007fcb4c0af800 1364             antlr.BaseAST::getNextSibling (5 bytes)
Event: 547,939 Thread 0x00007fcb4c0af800 nmethod 1364 0x00007fcb4936cbd0 code [0x00007fcb4936cd00, 0x00007fcb4936cd78]
Event: 547,940 Thread 0x00007fcb4c0ac800 nmethod 1363 0x00007fcb4911c150 code [0x00007fcb4911c2c0, 0x00007fcb4911c508]
Event: 547,940 Thread 0x00007fcb4c0af800 1365             java.lang.Class::copyFields (36 bytes)
Event: 547,946 Thread 0x00007fcb4c0ac800 1366             sun.util.calendar.ZoneInfo::getTransitionIndex (156 bytes)
Event: 547,947 Thread 0x00007fcb4c0af800 nmethod 1365 0x00007fcb490a3390 code [0x00007fcb490a3500, 0x00007fcb490a3898]
Event: 547,950 Thread 0x00007fcb4c0ac800 nmethod 1366 0x00007fcb49167ad0 code [0x00007fcb49167c20, 0x00007fcb49167e78]
Event: 571,274 Thread 0x00007fcb4c0af800 1367             java.lang.ThreadLocal::set (30 bytes)

GC Heap History (10 events):
Event: 6,952 GC heap before
{Heap before GC invocations=11 (full 0):
 PSYoungGen      total 216576K, used 215550K [0x00000007d7200000, 0x00000007e6580000, 0x0000000800000000)
  eden space 193024K, 100% used [0x00000007d7200000,0x00000007e2e80000,0x00000007e2e80000)
  from space 23552K, 95% used [0x00000007e4880000,0x00000007e5e7fb60,0x00000007e5f80000)
  to   space 26624K, 0% used [0x00000007e2e80000,0x00000007e2e80000,0x00000007e4880000)
 ParOldGen       total 83456K, used 38625K [0x0000000785600000, 0x000000078a780000, 0x00000007d7200000)
  object space 83456K, 46% used [0x0000000785600000,0x0000000787bb84f0,0x000000078a780000)
 PSPermGen       total 22528K, used 22279K [0x000000077b000000, 0x000000077c600000, 0x0000000785600000)
  object space 22528K, 98% used [0x000000077b000000,0x000000077c5c1c20,0x000000077c600000)
Event: 6,990 GC heap after
Heap after GC invocations=11 (full 0):
 PSYoungGen      total 219648K, used 26611K [0x00000007d7200000, 0x00000007eea00000, 0x0000000800000000)
  eden space 193024K, 0% used [0x00000007d7200000,0x00000007d7200000,0x00000007e2e80000)
  from space 26624K, 99% used [0x00000007e2e80000,0x00000007e487cf80,0x00000007e4880000)
  to   space 37888K, 0% used [0x00000007ec500000,0x00000007ec500000,0x00000007eea00000)
 ParOldGen       total 83456K, used 58212K [0x0000000785600000, 0x000000078a780000, 0x00000007d7200000)
  object space 83456K, 69% used [0x0000000785600000,0x0000000788ed9168,0x000000078a780000)
 PSPermGen       total 22528K, used 22279K [0x000000077b000000, 0x000000077c600000, 0x0000000785600000)
  object space 22528K, 98% used [0x000000077b000000,0x000000077c5c1c20,0x000000077c600000)
}
Event: 8,968 GC heap before
{Heap before GC invocations=12 (full 0):
 PSYoungGen      total 219648K, used 219635K [0x00000007d7200000, 0x00000007eea00000, 0x0000000800000000)
  eden space 193024K, 100% used [0x00000007d7200000,0x00000007e2e80000,0x00000007e2e80000)
  from space 26624K, 99% used [0x00000007e2e80000,0x00000007e487cf80,0x00000007e4880000)
  to   space 37888K, 0% used [0x00000007ec500000,0x00000007ec500000,0x00000007eea00000)
 ParOldGen       total 83456K, used 58212K [0x0000000785600000, 0x000000078a780000, 0x00000007d7200000)
  object space 83456K, 69% used [0x0000000785600000,0x0000000788ed9168,0x000000078a780000)
 PSPermGen       total 22528K, used 22290K [0x000000077b000000, 0x000000077c600000, 0x0000000785600000)
  object space 22528K, 98% used [0x000000077b000000,0x000000077c5c4ad0,0x000000077c600000)
Event: 9,011 GC heap after
Heap after GC invocations=12 (full 0):
 PSYoungGen      total 332288K, used 37869K [0x00000007d7200000, 0x00000007f0700000, 0x0000000800000000)
  eden space 294400K, 0% used [0x00000007d7200000,0x00000007d7200000,0x00000007e9180000)
  from space 37888K, 99% used [0x00000007ec500000,0x00000007ee9fb460,0x00000007eea00000)
  to   space 52736K, 0% used [0x00000007e9180000,0x00000007e9180000,0x00000007ec500000)
 ParOldGen       total 83456K, used 82193K [0x0000000785600000, 0x000000078a780000, 0x00000007d7200000)
  object space 83456K, 98% used [0x0000000785600000,0x000000078a644720,0x000000078a780000)
 PSPermGen       total 22528K, used 22290K [0x000000077b000000, 0x000000077c600000, 0x0000000785600000)
  object space 22528K, 98% used [0x000000077b000000,0x000000077c5c4ad0,0x000000077c600000)
}
Event: 9,011 GC heap before
{Heap before GC invocations=13 (full 1):
 PSYoungGen      total 332288K, used 37869K [0x00000007d7200000, 0x00000007f0700000, 0x0000000800000000)
  eden space 294400K, 0% used [0x00000007d7200000,0x00000007d7200000,0x00000007e9180000)
  from space 37888K, 99% used [0x00000007ec500000,0x00000007ee9fb460,0x00000007eea00000)
  to   space 52736K, 0% used [0x00000007e9180000,0x00000007e9180000,0x00000007ec500000)
 ParOldGen       total 83456K, used 82193K [0x0000000785600000, 0x000000078a780000, 0x00000007d7200000)
  object space 83456K, 98% used [0x0000000785600000,0x000000078a644720,0x000000078a780000)
 PSPermGen       total 22528K, used 22290K [0x000000077b000000, 0x000000077c600000, 0x0000000785600000)
  object space 22528K, 98% used [0x000000077b000000,0x000000077c5c4ad0,0x000000077c600000)
Event: 9,125 GC heap after
Heap after GC invocations=13 (full 1):
 PSYoungGen      total 332288K, used 0K [0x00000007d7200000, 0x00000007f0700000, 0x0000000800000000)
  eden space 294400K, 0% used [0x00000007d7200000,0x00000007d7200000,0x00000007e9180000)
  from space 37888K, 0% used [0x00000007ec500000,0x00000007ec500000,0x00000007eea00000)
  to   space 52736K, 0% used [0x00000007e9180000,0x00000007e9180000,0x00000007ec500000)
 ParOldGen       total 122368K, used 57667K [0x0000000785600000, 0x000000078cd80000, 0x00000007d7200000)
  object space 122368K, 47% used [0x0000000785600000,0x0000000788e50f98,0x000000078cd80000)
 PSPermGen       total 45056K, used 22283K [0x000000077b000000, 0x000000077dc00000, 0x0000000785600000)
  object space 45056K, 49% used [0x000000077b000000,0x000000077c5c2c60,0x000000077dc00000)
}
Event: 11,565 GC heap before
{Heap before GC invocations=14 (full 1):
 PSYoungGen      total 332288K, used 294400K [0x00000007d7200000, 0x00000007f0700000, 0x0000000800000000)
  eden space 294400K, 100% used [0x00000007d7200000,0x00000007e9180000,0x00000007e9180000)
  from space 37888K, 0% used [0x00000007ec500000,0x00000007ec500000,0x00000007eea00000)
  to   space 52736K, 0% used [0x00000007e9180000,0x00000007e9180000,0x00000007ec500000)
 ParOldGen       total 122368K, used 57667K [0x0000000785600000, 0x000000078cd80000, 0x00000007d7200000)
  object space 122368K, 47% used [0x0000000785600000,0x0000000788e50f98,0x000000078cd80000)
 PSPermGen       total 45056K, used 29094K [0x000000077b000000, 0x000000077dc00000, 0x0000000785600000)
  object space 45056K, 64% used [0x000000077b000000,0x000000077cc69898,0x000000077dc00000)
Event: 11,599 GC heap after
Heap after GC invocations=14 (full 1):
 PSYoungGen      total 347136K, used 48626K [0x00000007d7200000, 0x00000007f7780000, 0x0000000800000000)
  eden space 294400K, 0% used [0x00000007d7200000,0x00000007d7200000,0x00000007e9180000)
  from space 52736K, 92% used [0x00000007e9180000,0x00000007ec0fca10,0x00000007ec500000)
  to   space 59904K, 0% used [0x00000007f3d00000,0x00000007f3d00000,0x00000007f7780000)
 ParOldGen       total 122368K, used 57667K [0x0000000785600000, 0x000000078cd80000, 0x00000007d7200000)
  object space 122368K, 47% used [0x0000000785600000,0x0000000788e50f98,0x000000078cd80000)
 PSPermGen       total 45056K, used 29094K [0x000000077b000000, 0x000000077dc00000, 0x0000000785600000)
  object space 45056K, 64% used [0x000000077b000000,0x000000077cc69898,0x000000077dc00000)
}
Event: 14,912 GC heap before
{Heap before GC invocations=15 (full 1):
 PSYoungGen      total 347136K, used 343026K [0x00000007d7200000, 0x00000007f7780000, 0x0000000800000000)
  eden space 294400K, 100% used [0x00000007d7200000,0x00000007e9180000,0x00000007e9180000)
  from space 52736K, 92% used [0x00000007e9180000,0x00000007ec0fca10,0x00000007ec500000)
  to   space 59904K, 0% used [0x00000007f3d00000,0x00000007f3d00000,0x00000007f7780000)
 ParOldGen       total 122368K, used 57667K [0x0000000785600000, 0x000000078cd80000, 0x00000007d7200000)
  object space 122368K, 47% used [0x0000000785600000,0x0000000788e50f98,0x000000078cd80000)
 PSPermGen       total 50688K, used 50263K [0x000000077b000000, 0x000000077e180000, 0x0000000785600000)
  object space 50688K, 99% used [0x000000077b000000,0x000000077e115e30,0x000000077e180000)
Event: 14,940 GC heap after
Heap after GC invocations=15 (full 1):
 PSYoungGen      total 449536K, used 24364K [0x00000007d7200000, 0x00000007f6a80000, 0x0000000800000000)
  eden space 402944K, 0% used [0x00000007d7200000,0x00000007d7200000,0x00000007efb80000)
  from space 46592K, 52% used [0x00000007f3d00000,0x00000007f54cb3d8,0x00000007f6a80000)
  to   space 56832K, 0% used [0x00000007efb80000,0x00000007efb80000,0x00000007f3300000)
 ParOldGen       total 122368K, used 77042K [0x0000000785600000, 0x000000078cd80000, 0x00000007d7200000)
  object space 122368K, 62% used [0x0000000785600000,0x000000078a13cbc0,0x000000078cd80000)
 PSPermGen       total 50688K, used 50263K [0x000000077b000000, 0x000000077e180000, 0x0000000785600000)
  object space 50688K, 99% used [0x000000077b000000,0x000000077e115e30,0x000000077e180000)
}

Deoptimization events (10 events):
Event: 35,977 Thread 0x00007fcacc001000 Uncommon trap: reason=unstable_if action=reinterpret pc=0x00007fcb49088418 method=java.util.Arrays.fill([CC)V @ 7
Event: 36,053 Thread 0x00007fcacc001000 Uncommon trap: reason=bimorphic action=maybe_recompile pc=0x00007fcb493a8290 method=java.util.AbstractList$Itr.next()Ljava/lang/Object; @ 14
Event: 36,087 Thread 0x00007fcacc001000 Uncommon trap: reason=unstable_if action=reinterpret pc=0x00007fcb490c833c method=java.util.DualPivotQuicksort.sort([IIIZ)V @ 11
Event: 36,219 Thread 0x00007fcacc001000 Uncommon trap: reason=bimorphic action=maybe_recompile pc=0x00007fcb493a8290 method=java.util.AbstractList$Itr.next()Ljava/lang/Object; @ 14
Event: 42,546 Thread 0x00007fcacc002800 Uncommon trap: reason=unstable_if action=reinterpret pc=0x00007fcb4907cf84 method=java.nio.Buffer.limit(I)Ljava/nio/Buffer; @ 33
Event: 42,558 Thread 0x00007fcacc002800 Uncommon trap: reason=bimorphic action=maybe_recompile pc=0x00007fcb493a8290 method=java.util.AbstractList$Itr.next()Ljava/lang/Object; @ 14
Event: 42,563 Thread 0x00007fcacc002800 Uncommon trap: reason=unstable_if action=reinterpret pc=0x00007fcb49290394 method=java.lang.ThreadLocal$ThreadLocalMap.getEntry(Ljava/lang/ThreadLocal;)Ljava/lang/ThreadLocal$ThreadLocalMap$Entry; @ 29
Event: 42,588 Thread 0x00007fcacc002800 Uncommon trap: reason=unstable_if action=reinterpret pc=0x00007fcb493c23e4 method=java.lang.Class.getMethod0(Ljava/lang/String;[Ljava/lang/Class;)Ljava/lang/reflect/Method; @ 32
Event: 42,621 Thread 0x00007fcacc002800 Uncommon trap: reason=unstable_if action=reinterpret pc=0x00007fcb49166f74 method=java.util.Properties$LineReader.readLine()I @ 37
Event: 42,623 Thread 0x00007fcacc002800 Uncommon trap: reason=bimorphic action=maybe_recompile pc=0x00007fcb493a8290 method=java.util.AbstractList$Itr.next()Ljava/lang/Object; @ 14

Internal exceptions (10 events):
Event: 547,939 Thread 0x00007fcacc001000 Threw 0x00000007e01fa8a8 at /build/openjdk-7-63j_i_/openjdk-7-7u131-2.6.9/build/openjdk/hotspot/src/share/vm/prims/jvm.cpp:1322
Event: 547,939 Thread 0x00007fcacc001000 Threw 0x00000007e01fdf28 at /build/openjdk-7-63j_i_/openjdk-7-7u131-2.6.9/build/openjdk/hotspot/src/share/vm/prims/jvm.cpp:1322
Event: 547,939 Thread 0x00007fcacc001000 Threw 0x00000007e01fed10 at /build/openjdk-7-63j_i_/openjdk-7-7u131-2.6.9/build/openjdk/hotspot/src/share/vm/prims/jvm.cpp:1322
Event: 547,939 Thread 0x00007fcacc001000 Threw 0x00000007e01ff688 at /build/openjdk-7-63j_i_/openjdk-7-7u131-2.6.9/build/openjdk/hotspot/src/share/vm/prims/jvm.cpp:1322
Event: 547,939 Thread 0x00007fcacc001000 Threw 0x00000007e0200cc0 at /build/openjdk-7-63j_i_/openjdk-7-7u131-2.6.9/build/openjdk/hotspot/src/share/vm/prims/jvm.cpp:1322
Event: 547,939 Thread 0x00007fcacc001000 Threw 0x00000007e0201638 at /build/openjdk-7-63j_i_/openjdk-7-7u131-2.6.9/build/openjdk/hotspot/src/share/vm/prims/jvm.cpp:1322
Event: 547,953 Thread 0x00007fcacc001000 Threw 0x00000007e2174890 at /build/openjdk-7-63j_i_/openjdk-7-7u131-2.6.9/build/openjdk/hotspot/src/share/vm/prims/jvm.cpp:1322
Event: 547,953 Thread 0x00007fcacc001000 Threw 0x00000007e2175270 at /build/openjdk-7-63j_i_/openjdk-7-7u131-2.6.9/build/openjdk/hotspot/src/share/vm/prims/jvm.cpp:1322
Event: 571,280 Thread 0x00007fcacc002800 Threw 0x00000007e0b52338 at /build/openjdk-7-63j_i_/openjdk-7-7u131-2.6.9/build/openjdk/hotspot/src/share/vm/prims/jvm.cpp:1322
Event: 571,280 Thread 0x00007fcacc002800 Threw 0x00000007e0b529c8 at /build/openjdk-7-63j_i_/openjdk-7-7u131-2.6.9/build/openjdk/hotspot/src/share/vm/prims/jvm.cpp:1322

Events (10 events):
Event: 547,953 loading class 0x00007fcaefe9d230
Event: 547,953 loading class 0x00007fcaefe9d230 done
Event: 547,957 Executing VM operation: RevokeBias
Event: 547,957 Executing VM operation: RevokeBias done
Event: 571,261 Executing VM operation: RevokeBias
Event: 571,261 Executing VM operation: RevokeBias done
Event: 571,269 Executing VM operation: RevokeBias
Event: 571,269 Executing VM operation: RevokeBias done
Event: 571,280 loading class 0x00007fcaef5b9090
Event: 571,280 loading class 0x00007fcaef5b9090 done


Dynamic libraries:
00400000-00401000 r-xp 00000000 08:07 4210588                            /usr/lib/jvm/java-7-openjdk-amd64/jre/bin/java
00600000-00601000 r--p 00000000 08:07 4210588                            /usr/lib/jvm/java-7-openjdk-amd64/jre/bin/java
00601000-00602000 rw-p 00001000 08:07 4210588                            /usr/lib/jvm/java-7-openjdk-amd64/jre/bin/java
00d83000-00da4000 rw-p 00000000 00:00 0                                  [heap]
77b000000-77e880000 rw-p 00000000 00:00 0 
77e880000-785600000 rw-p 00000000 00:00 0 
785600000-78cd80000 rw-p 00000000 00:00 0 
78cd80000-7d7200000 rw-p 00000000 00:00 0 
7d7200000-7f6a80000 rw-p 00000000 00:00 0 
7f6a80000-7f7780000 ---p 00000000 00:00 0 
7f7780000-800000000 rw-p 00000000 00:00 0 
7fcaa8000000-7fcaa8021000 rw-p 00000000 00:00 0 
7fcaa8021000-7fcaac000000 ---p 00000000 00:00 0 
7fcaac000000-7fcaac021000 rw-p 00000000 00:00 0 
7fcaac021000-7fcab0000000 ---p 00000000 00:00 0 
7fcab0000000-7fcab0021000 rw-p 00000000 00:00 0 
7fcab0021000-7fcab4000000 ---p 00000000 00:00 0 
7fcab4000000-7fcab4021000 rw-p 00000000 00:00 0 
7fcab4021000-7fcab8000000 ---p 00000000 00:00 0 
7fcab8000000-7fcab8021000 rw-p 00000000 00:00 0 
7fcab8021000-7fcabc000000 ---p 00000000 00:00 0 
7fcabc000000-7fcabc021000 rw-p 00000000 00:00 0 
7fcabc021000-7fcac0000000 ---p 00000000 00:00 0 
7fcac0000000-7fcac0021000 rw-p 00000000 00:00 0 
7fcac0021000-7fcac4000000 ---p 00000000 00:00 0 
7fcac4000000-7fcac4021000 rw-p 00000000 00:00 0 
7fcac4021000-7fcac8000000 ---p 00000000 00:00 0 
7fcac8000000-7fcac8021000 rw-p 00000000 00:00 0 
7fcac8021000-7fcacc000000 ---p 00000000 00:00 0 
7fcacc000000-7fcacc021000 rw-p 00000000 00:00 0 
7fcacc021000-7fcad0000000 ---p 00000000 00:00 0 
7fcad0000000-7fcad0021000 rw-p 00000000 00:00 0 
7fcad0021000-7fcad4000000 ---p 00000000 00:00 0 
7fcad4000000-7fcad406a000 rw-p 00000000 00:00 0 
7fcad406a000-7fcad8000000 ---p 00000000 00:00 0 
7fcad8000000-7fcad8021000 rw-p 00000000 00:00 0 
7fcad8021000-7fcadc000000 ---p 00000000 00:00 0 
7fcadc000000-7fcadc021000 rw-p 00000000 00:00 0 
7fcadc021000-7fcae0000000 ---p 00000000 00:00 0 
7fcae0000000-7fcae1b92000 rw-p 00000000 00:00 0 
7fcae1b92000-7fcae4000000 ---p 00000000 00:00 0 
7fcae4000000-7fcae4021000 rw-p 00000000 00:00 0 
7fcae4021000-7fcae8000000 ---p 00000000 00:00 0 
7fcae8000000-7fcae81b5000 rw-p 00000000 00:00 0 
7fcae81b5000-7fcaec000000 ---p 00000000 00:00 0 
7fcaec000000-7fcaefff9000 rw-p 00000000 00:00 0 
7fcaefff9000-7fcaf0000000 ---p 00000000 00:00 0 
7fcaf0000000-7fcaf0021000 rw-p 00000000 00:00 0 
7fcaf0021000-7fcaf4000000 ---p 00000000 00:00 0 
7fcaf4000000-7fcaf4021000 rw-p 00000000 00:00 0 
7fcaf4021000-7fcaf8000000 ---p 00000000 00:00 0 
7fcaf8000000-7fcafa024000 rw-p 00000000 00:00 0 
7fcafa024000-7fcafc000000 ---p 00000000 00:00 0 
7fcafc000000-7fcafe5c6000 rw-p 00000000 00:00 0 
7fcafe5c6000-7fcb00000000 ---p 00000000 00:00 0 
7fcb00000000-7fcb00021000 rw-p 00000000 00:00 0 
7fcb00021000-7fcb04000000 ---p 00000000 00:00 0 
7fcb04000000-7fcb04021000 rw-p 00000000 00:00 0 
7fcb04021000-7fcb08000000 ---p 00000000 00:00 0 
7fcb08000000-7fcb08021000 rw-p 00000000 00:00 0 
7fcb08021000-7fcb0c000000 ---p 00000000 00:00 0 
7fcb0fd80000-7fcb14000000 rw-p 00000000 00:00 0 
7fcb14000000-7fcb14021000 rw-p 00000000 00:00 0 
7fcb14021000-7fcb18000000 ---p 00000000 00:00 0 
7fcb18000000-7fcb1805a000 rw-p 00000000 00:00 0 
7fcb1805a000-7fcb1c000000 ---p 00000000 00:00 0 
7fcb1c000000-7fcb1c021000 rw-p 00000000 00:00 0 
7fcb1c021000-7fcb20000000 ---p 00000000 00:00 0 
7fcb24000000-7fcb2402c000 rw-p 00000000 00:00 0 
7fcb2402c000-7fcb28000000 ---p 00000000 00:00 0 
7fcb2c000000-7fcb2c023000 rw-p 00000000 00:00 0 
7fcb2c023000-7fcb30000000 ---p 00000000 00:00 0 
7fcb335f6000-7fcb335f9000 ---p 00000000 00:00 0 
7fcb335f9000-7fcb336f7000 rw-p 00000000 00:00 0                          [stack:7731]
7fcb336f7000-7fcb336fa000 ---p 00000000 00:00 0 
7fcb336fa000-7fcb337f8000 rw-p 00000000 00:00 0                          [stack:7729]
7fcb337f8000-7fcb337fb000 ---p 00000000 00:00 0 
7fcb337fb000-7fcb338f9000 rw-p 00000000 00:00 0                          [stack:7711]
7fcb338f9000-7fcb338fc000 ---p 00000000 00:00 0 
7fcb338fc000-7fcb339fa000 rw-p 00000000 00:00 0                          [stack:7709]
7fcb339fa000-7fcb339fd000 ---p 00000000 00:00 0 
7fcb339fd000-7fcb33afb000 rw-p 00000000 00:00 0                          [stack:7694]
7fcb33afb000-7fcb33afe000 ---p 00000000 00:00 0 
7fcb33afe000-7fcb33bfc000 rw-p 00000000 00:00 0                          [stack:7693]
7fcb33bfc000-7fcb33bff000 ---p 00000000 00:00 0 
7fcb33bff000-7fcb33cfd000 rw-p 00000000 00:00 0                          [stack:7459]
7fcb33cfd000-7fcb33d00000 ---p 00000000 00:00 0 
7fcb33d00000-7fcb33dfe000 rw-p 00000000 00:00 0                          [stack:7396]
7fcb33dfe000-7fcb33e01000 ---p 00000000 00:00 0 
7fcb33e01000-7fcb33eff000 rw-p 00000000 00:00 0                          [stack:7395]
7fcb33eff000-7fcb33f02000 ---p 00000000 00:00 0 
7fcb33f02000-7fcb34000000 rw-p 00000000 00:00 0                          [stack:7394]
7fcb34000000-7fcb34021000 rw-p 00000000 00:00 0 
7fcb34021000-7fcb38000000 ---p 00000000 00:00 0 
7fcb38000000-7fcb38021000 rw-p 00000000 00:00 0 
7fcb38021000-7fcb3c000000 ---p 00000000 00:00 0 
7fcb3c000000-7fcb3c021000 rw-p 00000000 00:00 0 
7fcb3c021000-7fcb40000000 ---p 00000000 00:00 0 
7fcb400c3000-7fcb400c4000 rw-p 00000000 00:00 0 
7fcb400c4000-7fcb400cf000 r--s 00203000 08:07 4348311                    /usr/lib/jvm/java-7-openjdk-amd64/jre/lib/charsets.jar
7fcb400cf000-7fcb400d2000 ---p 00000000 00:00 0 
7fcb400d2000-7fcb401d0000 rw-p 00000000 00:00 0                          [stack:7458]
7fcb401d0000-7fcb401d3000 ---p 00000000 00:00 0 
7fcb401d3000-7fcb402d1000 rw-p 00000000 00:00 0                          [stack:7382]
7fcb402d1000-7fcb402d4000 ---p 00000000 00:00 0 
7fcb402d4000-7fcb403d2000 rw-p 00000000 00:00 0                          [stack:7380]
7fcb403d2000-7fcb403d5000 ---p 00000000 00:00 0 
7fcb403d5000-7fcb404d3000 rw-p 00000000 00:00 0                          [stack:7379]
7fcb404d3000-7fcb404d6000 ---p 00000000 00:00 0 
7fcb404d6000-7fcb405d4000 rw-p 00000000 00:00 0                          [stack:7378]
7fcb405d4000-7fcb405db000 r--s 0003f000 08:05 3452                       /media/eatonmunoz/Data/Repository/maven/commons-codec/commons-codec/1.10/commons-codec-1.10.jar
7fcb405db000-7fcb405dd000 r--s 00003000 08:05 8197                       /media/eatonmunoz/Data/Repository/maven/org/slf4j/jcl-over-slf4j/1.6.6/jcl-over-slf4j-1.6.6.jar
7fcb405dd000-7fcb405e2000 r--s 00034000 08:05 32672                      /media/eatonmunoz/Data/Repository/maven/commons-beanutils/commons-beanutils/1.8.3/commons-beanutils-1.8.3.jar
7fcb405e2000-7fcb405e7000 r--s 00038000 08:05 9705                       /media/eatonmunoz/Data/Repository/maven/net/sf/dozer/dozer/5.4.0/dozer-5.4.0.jar
7fcb405e7000-7fcb405f2000 r--s 00069000 08:05 3862                       /media/eatonmunoz/Data/Repository/maven/ch/qos/logback/logback-core/1.2.1/logback-core-1.2.1.jar
7fcb405f2000-7fcb405f8000 r--s 00046000 08:05 3857                       /media/eatonmunoz/Data/Repository/maven/ch/qos/logback/logback-classic/1.2.1/logback-classic-1.2.1.jar
7fcb405f8000-7fcb405f9000 r--s 00009000 08:05 1314                       /media/eatonmunoz/Data/Repository/maven/org/slf4j/slf4j-api/1.7.18/slf4j-api-1.7.18.jar
7fcb405f9000-7fcb405fd000 r--s 0003c000 08:05 4884                       /media/eatonmunoz/Data/Repository/maven/com/fasterxml/jackson/core/jackson-core/2.6.7/jackson-core-2.6.7.jar
7fcb405fd000-7fcb40600000 r--s 00009000 08:05 4879                       /media/eatonmunoz/Data/Repository/maven/com/fasterxml/jackson/core/jackson-annotations/2.6.0/jackson-annotations-2.6.0.jar
7fcb40600000-7fcb40611000 r--s 0010d000 08:05 4877                       /media/eatonmunoz/Data/Repository/maven/com/fasterxml/jackson/core/jackson-databind/2.6.7/jackson-databind-2.6.7.jar
7fcb40611000-7fcb40622000 r--s 000b8000 08:05 4815                       /media/eatonmunoz/Data/Repository/maven/org/springframework/spring-web/4.3.10.RELEASE/spring-web-4.3.10.RELEASE.jar
7fcb40622000-7fcb40633000 r--s 000cf000 08:05 4813                       /media/eatonmunoz/Data/Repository/maven/org/springframework/spring-webmvc/4.3.10.RELEASE/spring-webmvc-4.3.10.RELEASE.jar
7fcb40633000-7fcb4063d000 r--s 0005f000 08:05 4811                       /media/eatonmunoz/Data/Repository/maven/org/springframework/spring-jdbc/4.3.10.RELEASE/spring-jdbc-4.3.10.RELEASE.jar
7fcb4063d000-7fcb40647000 r--s 0006b000 08:05 4809                       /media/eatonmunoz/Data/Repository/maven/org/springframework/spring-orm/4.3.10.RELEASE/spring-orm-4.3.10.RELEASE.jar
7fcb40647000-7fcb4064f000 r--s 0003a000 08:05 4807                       /media/eatonmunoz/Data/Repository/maven/org/springframework/spring-tx/4.3.10.RELEASE/spring-tx-4.3.10.RELEASE.jar
7fcb4064f000-7fcb40654000 r--s 0003c000 08:05 4805                       /media/eatonmunoz/Data/Repository/maven/org/springframework/spring-expression/4.3.10.RELEASE/spring-expression-4.3.10.RELEASE.jar
7fcb40654000-7fcb40662000 r--s 000ad000 08:05 4803                       /media/eatonmunoz/Data/Repository/maven/org/springframework/spring-beans/4.3.10.RELEASE/spring-beans-4.3.10.RELEASE.jar
7fcb40662000-7fcb4066b000 r--s 00054000 08:05 4801                       /media/eatonmunoz/Data/Repository/maven/org/springframework/spring-aop/4.3.10.RELEASE/spring-aop-4.3.10.RELEASE.jar
7fcb4066b000-7fcb40684000 r--s 000fe000 08:05 4799                       /media/eatonmunoz/Data/Repository/maven/org/springframework/spring-context/4.3.10.RELEASE/spring-context-4.3.10.RELEASE.jar
7fcb40684000-7fcb40686000 r--s 0000e000 08:05 33016                      /media/eatonmunoz/Data/Repository/maven/commons-logging/commons-logging/1.2/commons-logging-1.2.jar
7fcb40686000-7fcb4069d000 r--s 000fc000 08:05 4797                       /media/eatonmunoz/Data/Repository/maven/org/springframework/spring-core/4.3.10.RELEASE/spring-core-4.3.10.RELEASE.jar
7fcb4069d000-7fcb406a6000 r--s 000e0000 08:05 33565                      /media/eatonmunoz/Data/Repository/maven/mysql/mysql-connector-java/5.1.30/mysql-connector-java-5.1.30.jar
7fcb406a6000-7fcb406d1000 r--s 001fc000 08:05 32192                      /media/eatonmunoz/Data/Repository/maven/com/google/guava/guava/18.0/guava-18.0.jar
7fcb406d1000-7fcb406e2000 r--s 00155000 08:05 2355                       /media/eatonmunoz/Data/Repository/maven/net/java/dev/jna/jna-platform/4.1.0/jna-platform-4.1.0.jar
7fcb406e2000-7fcb406e6000 r--s 000dc000 08:05 2357                       /media/eatonmunoz/Data/Repository/maven/net/java/dev/jna/jna/4.1.0/jna-4.1.0.jar
7fcb406e6000-7fcb406e8000 r--s 0000d000 08:05 2353                       /media/eatonmunoz/Data/Repository/maven/com/github/dblock/waffle/waffle-jna/1.7/waffle-jna-1.7.jar
7fcb406e8000-7fcb406f0000 r--s 00097000 08:05 2354                       /media/eatonmunoz/Data/Repository/maven/org/postgresql/postgresql/9.4-1200-jdbc4/postgresql-9.4-1200-jdbc4.jar
7fcb406f0000-7fcb406f2000 r--s 00005000 08:05 41176                      /media/eatonmunoz/Data/Repository/maven/stax/stax-api/1.0.1/stax-api-1.0.1.jar
7fcb406f2000-7fcb40730000 r--s 0025d000 08:05 2317                       /media/eatonmunoz/Data/Repository/maven/org/apache/xmlbeans/xmlbeans/2.6.0/xmlbeans-2.6.0.jar
7fcb40730000-7fcb407e8000 r--s 0049f000 08:05 2315                       /media/eatonmunoz/Data/Repository/maven/org/apache/poi/poi-ooxml-schemas/3.11/poi-ooxml-schemas-3.11.jar
7fcb407e8000-7fcb4080a000 r--s 001da000 08:05 2314                       /media/eatonmunoz/Data/Repository/maven/org/apache/poi/poi/3.11/poi-3.11.jar
7fcb4080a000-7fcb40819000 r--s 00119000 08:05 2313                       /media/eatonmunoz/Data/Repository/maven/org/apache/poi/poi-ooxml/3.11/poi-ooxml-3.11.jar
7fcb40819000-7fcb40824000 r--s 00080000 08:05 2316                       /media/eatonmunoz/Data/Repository/maven/org/dbunit/dbunit/2.5.2/dbunit-2.5.2.jar
7fcb40824000-7fcb40831000 r--s 00083000 08:05 2069                       /media/eatonmunoz/Data/Repository/maven/commons-collections/commons-collections/3.2.2/commons-collections-3.2.2.jar
7fcb40831000-7fcb40835000 r--s 00020000 08:05 2168                       /media/eatonmunoz/Data/Repository/maven/commons-digester/commons-digester/1.8.1/commons-digester-1.8.1.jar
7fcb40835000-7fcb40838000 r--s 00029000 08:05 2068                       /media/eatonmunoz/Data/Repository/maven/commons-validator/commons-validator/1.5.1/commons-validator-1.5.1.jar
7fcb40838000-7fcb4083f000 r--s 00064000 08:05 5244                       /media/eatonmunoz/Data/Repository/maven/org/apache/commons/commons-lang3/3.4/commons-lang3-3.4.jar
7fcb4083f000-7fcb40841000 r--s 0001b000 08:05 4489                       /media/eatonmunoz/Data/Repository/maven/com/zaxxer/HikariCP-java6/2.3.13/HikariCP-java6-2.3.13.jar
7fcb40841000-7fcb4084d000 r--s 00082000 08:05 3511                       /media/eatonmunoz/Data/Repository/maven/org/hibernate/hibernate-entitymanager/5.1.0.Final/hibernate-entitymanager-5.1.0.Final.jar
7fcb4084d000-7fcb40850000 r--s 00010000 08:05 3509                       /media/eatonmunoz/Data/Repository/maven/org/hibernate/common/hibernate-commons-annotations/5.0.1.Final/hibernate-commons-annotations-5.0.1.Final.jar
7fcb40850000-7fcb40855000 r--s 00016000 08:05 41261                      /media/eatonmunoz/Data/Repository/maven/xml-apis/xml-apis/1.0.b2/xml-apis-1.0.b2.jar
7fcb40855000-7fcb4085a000 r--s 00048000 08:05 33091                      /media/eatonmunoz/Data/Repository/maven/dom4j/dom4j/1.6.1/dom4j-1.6.1.jar
7fcb4085a000-7fcb4085c000 r--s 0000e000 08:05 3507                       /media/eatonmunoz/Data/Repository/maven/com/fasterxml/classmate/1.3.0/classmate-1.3.0.jar
7fcb4085c000-7fcb4085f000 r--s 0002b000 08:05 3505                       /media/eatonmunoz/Data/Repository/maven/org/jboss/jandex/2.0.0.Final/jandex-2.0.0.Final.jar
7fcb4085f000-7fcb40860000 r--s 00003000 08:05 34096                      /media/eatonmunoz/Data/Repository/maven/org/apache/geronimo/specs/geronimo-jta_1.1_spec/1.1.1/geronimo-jta_1.1_spec-1.1.1.jar
7fcb40860000-7fcb40865000 r--s 00068000 08:05 31738                      /media/eatonmunoz/Data/Repository/maven/antlr/antlr/2.7.7/antlr-2.7.7.jar
7fcb40865000-7fcb4086f000 r--s 000ae000 08:05 3503                       /media/eatonmunoz/Data/Repository/maven/org/javassist/javassist/3.20.0-GA/javassist-3.20.0-GA.jar
7fcb4086f000-7fcb40874000 r--s 00017000 08:05 39418                      /media/eatonmunoz/Data/Repository/maven/org/hibernate/javax/persistence/hibernate-jpa-2.1-api/1.0.0.Final/hibernate-jpa-2.1-api-1.0.0.Final.jar
7fcb40874000-7fcb40876000 r--s 0000f000 08:05 39546                      /media/eatonmunoz/Data/Repository/maven/org/jboss/logging/jboss-logging/3.3.0.Final/jboss-logging-3.3.0.Final.jar
7fcb40876000-7fcb408e1000 r--s 00500000 08:05 3501                       /media/eatonmunoz/Data/Repository/maven/org/hibernate/hibernate-core/5.1.0.Final/hibernate-core-5.1.0.Final.jar
7fcb408e1000-7fcb408ef000 r--s 001a1000 08:05 1817                       /media/eatonmunoz/Data/Repository/maven/com/h2database/h2/1.4.191/h2-1.4.191.jar
7fcb408ef000-7fcb408f3000 r--s 00019000 08:05 4563                       /media/eatonmunoz/Data/Repository/maven/org/aspectj/aspectjrt/1.8.10/aspectjrt-1.8.10.jar
7fcb408f3000-7fcb40906000 r--s 000a8000 08:05 4564                       /media/eatonmunoz/Data/Repository/maven/org/springframework/data/spring-data-commons/1.13.0.RELEASE/spring-data-commons-1.13.0.RELEASE.jar
7fcb40906000-7fcb4090d000 r--s 00040000 08:05 4561                       /media/eatonmunoz/Data/Repository/maven/org/springframework/data/spring-data-jpa/1.11.0.RELEASE/spring-data-jpa-1.11.0.RELEASE.jar
7fcb4090d000-7fcb4090e000 r--s 00005000 08:05 32314                      /media/eatonmunoz/Data/Repository/maven/com/googlecode/json-simple/json-simple/1.1.1/json-simple-1.1.1.jar
7fcb4090e000-7fcb4090f000 r--s 00003000 08:05 4876                       /media/eatonmunoz/Data/Repository/maven/ga/classi/classiga-commons/1.0-SNAPSHOT/classiga-commons-1.0-SNAPSHOT.jar
7fcb4090f000-7fcb40911000 r--s 0000d000 08:05 4895                       /media/eatonmunoz/Data/Repository/maven/ga/classi/classiga-data/1.0-SNAPSHOT/classiga-data-1.0-SNAPSHOT.jar
7fcb40911000-7fcb40914000 ---p 00000000 00:00 0 
7fcb40914000-7fcb40a12000 rw-p 00000000 00:00 0                          [stack:7445]
7fcb40a12000-7fcb40a15000 ---p 00000000 00:00 0 
7fcb40a15000-7fcb40b13000 rw-p 00000000 00:00 0                          [stack:7443]
7fcb40b13000-7fcb40b1d000 r--s 000ae000 08:07 4348309                    /usr/lib/jvm/java-7-openjdk-amd64/jre/lib/resources.jar
7fcb40b1d000-7fcb40b25000 r-xp 00000000 08:07 4348683                    /usr/lib/jvm/java-7-openjdk-amd64/jre/lib/amd64/libmanagement.so
7fcb40b25000-7fcb40d24000 ---p 00008000 08:07 4348683                    /usr/lib/jvm/java-7-openjdk-amd64/jre/lib/amd64/libmanagement.so
7fcb40d24000-7fcb40d25000 r--p 00007000 08:07 4348683                    /usr/lib/jvm/java-7-openjdk-amd64/jre/lib/amd64/libmanagement.so
7fcb40d25000-7fcb40d26000 rw-p 00008000 08:07 4348683                    /usr/lib/jvm/java-7-openjdk-amd64/jre/lib/amd64/libmanagement.so
7fcb40d26000-7fcb40d28000 r--s 00005000 08:05 8768                       /media/eatonmunoz/Data/Repository/maven/org/slf4j/slf4j-api/1.7.5/slf4j-api-1.7.5.jar
7fcb40d28000-7fcb40d2a000 r--s 00003000 08:05 8765                       /media/eatonmunoz/Data/Repository/maven/org/slf4j/jcl-over-slf4j/1.7.5/jcl-over-slf4j-1.7.5.jar
7fcb40d2a000-7fcb40d2b000 r--s 00001000 08:05 40408                      /media/eatonmunoz/Data/Repository/maven/org/sonatype/plexus/plexus-build-api/0.0.4/plexus-build-api-0.0.4.jar
7fcb40d2b000-7fcb40d2d000 r--s 00002000 08:05 40421                      /media/eatonmunoz/Data/Repository/maven/org/sonatype/plexus/plexus-cipher/1.4/plexus-cipher-1.4.jar
7fcb40d2d000-7fcb40d2e000 r--s 00006000 08:05 40434                      /media/eatonmunoz/Data/Repository/maven/org/sonatype/plexus/plexus-sec-dispatcher/1.3/plexus-sec-dispatcher-1.3.jar
7fcb40d2e000-7fcb40d2f000 r--s 00002000 08:05 34637                      /media/eatonmunoz/Data/Repository/maven/org/apache/maven/doxia/doxia-logging-api/1.1/doxia-logging-api-1.1.jar
7fcb40d2f000-7fcb40d31000 r--s 00002000 08:05 34727                      /media/eatonmunoz/Data/Repository/maven/org/apache/maven/doxia/doxia-sink-api/1.1/doxia-sink-api-1.1.jar
7fcb40d31000-7fcb40d32000 r--s 00002000 08:05 36138                      /media/eatonmunoz/Data/Repository/maven/org/apache/maven/reporting/maven-reporting-api/2.2.1/maven-reporting-api-2.2.1.jar
7fcb40d32000-7fcb40d34000 r--s 00009000 08:05 8764                       /media/eatonmunoz/Data/Repository/maven/org/apache/maven/shared/maven-filtering/1.0/maven-filtering-1.0.jar
7fcb40d34000-7fcb40d37000 r--s 0000c000 08:05 8761                       /media/eatonmunoz/Data/Repository/maven/org/codehaus/plexus/plexus-io/2.0.3/plexus-io-2.0.3.jar
7fcb40d37000-7fcb40d39000 r--s 00011000 08:05 39183                      /media/eatonmunoz/Data/Repository/maven/org/hamcrest/hamcrest-core/1.1/hamcrest-core-1.1.jar
7fcb40d39000-7fcb40d40000 r--s 00037000 08:05 33473                      /media/eatonmunoz/Data/Repository/maven/junit/junit/4.10/junit-4.10.jar
7fcb40d40000-7fcb40d45000 r--s 00029000 08:05 8759                       /media/eatonmunoz/Data/Repository/maven/org/codehaus/plexus/plexus-archiver/2.1.1/plexus-archiver-2.1.1.jar
7fcb40d45000-7fcb40d49000 r--s 00014000 08:05 8758                       /media/eatonmunoz/Data/Repository/maven/org/tukaani/xz/1.0/xz-1.0.jar
7fcb40d49000-7fcb40d4e000 r--s 00036000 08:05 8754                       /media/eatonmunoz/Data/Repository/maven/org/apache/commons/commons-compress/1.4.1/commons-compress-1.4.1.jar
7fcb40d4e000-7fcb40d53000 r--s 00041000 08:05 32969                      /media/eatonmunoz/Data/Repository/maven/commons-lang/commons-lang/2.6/commons-lang-2.6.jar
7fcb40d53000-7fcb40d55000 r--s 0000d000 08:05 37852                      /media/eatonmunoz/Data/Repository/maven/org/codehaus/plexus/plexus-interpolation/1.13/plexus-interpolation-1.13.jar
7fcb40d55000-7fcb40d56000 r--s 00004000 08:05 34873                      /media/eatonmunoz/Data/Repository/maven/org/apache/maven/maven-archiver/2.4.2/maven-archiver-2.4.2.jar
7fcb40d56000-7fcb40d58000 r--s 00009000 08:05 32704                      /media/eatonmunoz/Data/Repository/maven/commons-cli/commons-cli/1.2/commons-cli-1.2.jar
7fcb40d58000-7fcb40d5a000 r--s 00005000 08:05 8752                       /media/eatonmunoz/Data/Repository/maven/org/apache/tomcat/maven/tomcat7-war-runner/2.2/tomcat7-war-runner-2.2.jar
7fcb40d5a000-7fcb40d60000 r--s 00033000 08:05 32733                      /media/eatonmunoz/Data/Repository/maven/commons-codec/commons-codec/1.6/commons-codec-1.6.jar
7fcb40d60000-7fcb40d62000 r--s 0000e000 08:05 33009                      /media/eatonmunoz/Data/Repository/maven/commons-logging/commons-logging/1.1.3/commons-logging-1.1.3.jar
7fcb40d62000-7fcb40d68000 r--s 0003f000 08:05 34288                      /media/eatonmunoz/Data/Repository/maven/org/apache/httpcomponents/httpcore/4.3/httpcore-4.3.jar
7fcb40d68000-7fcb40d73000 r--s 00084000 08:05 34198                      /media/eatonmunoz/Data/Repository/maven/org/apache/httpcomponents/httpclient/4.3.1/httpclient-4.3.1.jar
7fcb40d73000-7fcb40d76000 r--s 00006000 08:05 32104                      /media/eatonmunoz/Data/Repository/maven/com/google/code/findbugs/jsr305/1.3.9/jsr305-1.3.9.jar
7fcb40d76000-7fcb40d94000 r--s 00151000 08:05 8750                       /media/eatonmunoz/Data/Repository/maven/com/google/guava/guava/10.0.1/guava-10.0.1.jar
7fcb40d94000-7fcb40d9c000 r--s 00049000 08:05 31848                      /media/eatonmunoz/Data/Repository/maven/backport-util-concurrent/backport-util-concurrent/3.1/backport-util-concurrent-3.1.jar
7fcb40d9c000-7fcb40d9e000 r--s 00008000 08:05 8748                       /media/eatonmunoz/Data/Repository/maven/org/apache/tomcat/maven/common-tomcat-maven-plugin/2.2/common-tomcat-maven-plugin-2.2.jar
7fcb40d9e000-7fcb40dad000 r--s 001a9000 08:05 8745                       /media/eatonmunoz/Data/Repository/maven/org/eclipse/jdt/core/compiler/ecj/4.2.2/ecj-4.2.2.jar
7fcb40dad000-7fcb40daf000 r--s 00013000 08:05 8744                       /media/eatonmunoz/Data/Repository/maven/org/apache/tomcat/embed/tomcat-embed-logging-log4j/7.0.47/tomcat-embed-logging-log4j-7.0.47.jar
7fcb40daf000-7fcb40db1000 r--s 00008000 08:05 8743                       /media/eatonmunoz/Data/Repository/maven/org/apache/tomcat/embed/tomcat-embed-logging-juli/7.0.47/tomcat-embed-logging-juli-7.0.47.jar
7fcb40db1000-7fcb40db3000 r--s 00008000 08:05 8740                       /media/eatonmunoz/Data/Repository/maven/org/apache/tomcat/tomcat-juli/7.0.47/tomcat-juli-7.0.47.jar
7fcb40db3000-7fcb40db4000 r--s 00003000 08:05 8738                       /media/eatonmunoz/Data/Repository/maven/org/apache/tomcat/tomcat-annotations-api/7.0.47/tomcat-annotations-api-7.0.47.jar
7fcb40db4000-7fcb40db6000 r--s 0001f000 08:05 8736                       /media/eatonmunoz/Data/Repository/maven/org/apache/tomcat/tomcat-catalina-ha/7.0.47/tomcat-catalina-ha-7.0.47.jar
7fcb40db6000-7fcb40dba000 r--s 0003b000 08:05 8733                       /media/eatonmunoz/Data/Repository/maven/org/apache/tomcat/tomcat-tribes/7.0.47/tomcat-tribes-7.0.47.jar
7fcb40dba000-7fcb40dcc000 r--s 00171000 08:05 8732                       /media/eatonmunoz/Data/Repository/maven/org/apache/tomcat/tomcat-catalina/7.0.47/tomcat-catalina-7.0.47.jar
7fcb40dcc000-7fcb40dce000 r--s 0000a000 08:05 8730                       /media/eatonmunoz/Data/Repository/maven/org/apache/tomcat/tomcat-el-api/7.0.47/tomcat-el-api-7.0.47.jar
7fcb40dce000-7fcb40dd1000 r--s 0001c000 08:05 8727                       /media/eatonmunoz/Data/Repository/maven/org/apache/tomcat/tomcat-jasper-el/7.0.47/tomcat-jasper-el-7.0.47.jar
7fcb40dd1000-7fcb40dd9000 r--s 0008b000 08:05 8726                       /media/eatonmunoz/Data/Repository/maven/org/apache/tomcat/tomcat-jasper/7.0.47/tomcat-jasper-7.0.47.jar
7fcb40dd9000-7fcb40ddc000 r--s 00013000 08:05 8724                       /media/eatonmunoz/Data/Repository/maven/org/apache/tomcat/tomcat-jsp-api/7.0.47/tomcat-jsp-api-7.0.47.jar
7fcb40ddc000-7fcb40ddf000 r--s 00029000 08:05 8722                       /media/eatonmunoz/Data/Repository/maven/org/apache/tomcat/tomcat-servlet-api/7.0.47/tomcat-servlet-api-7.0.47.jar
7fcb40ddf000-7fcb40de3000 r--s 00036000 08:05 8719                       /media/eatonmunoz/Data/Repository/maven/org/apache/tomcat/tomcat-dbcp/7.0.47/tomcat-dbcp-7.0.47.jar
7fcb40de3000-7fcb40de5000 r--s 0001d000 08:05 8717                       /media/eatonmunoz/Data/Repository/maven/org/apache/tomcat/tomcat-jdbc/7.0.47/tomcat-jdbc-7.0.47.jar
7fcb40de5000-7fcb40de6000 r--s 00001000 08:05 8714                       /media/eatonmunoz/Data/Repository/maven/org/apache/tomcat/tomcat-api/7.0.47/tomcat-api-7.0.47.jar
7fcb40de6000-7fcb40df4000 r--s 000be000 08:05 8715                       /media/eatonmunoz/Data/Repository/maven/org/apache/tomcat/tomcat-coyote/7.0.47/tomcat-coyote-7.0.47.jar
7fcb40df4000-7fcb40df5000 r--s 00005000 08:05 8713                       /media/eatonmunoz/Data/Repository/maven/org/apache/tomcat/tomcat-util/7.0.47/tomcat-util-7.0.47.jar
7fcb40df5000-7fcb40e1c000 r--s 00290000 08:05 8716                       /media/eatonmunoz/Data/Repository/maven/org/apache/tomcat/embed/tomcat-embed-core/7.0.47/tomcat-embed-core-7.0.47.jar
7fcb40e1c000-7fcb40e1e000 r--s 0001a000 08:05 8449                       /media/eatonmunoz/Data/Repository/maven/org/apache/tomcat/maven/tomcat7-maven-plugin/2.2/tomcat7-maven-plugin-2.2.jar
7fcb40e1e000-7fcb40e21000 r--s 0001b000 08:05 33459                      /media/eatonmunoz/Data/Repository/maven/junit/junit/3.8.2/junit-3.8.2.jar
7fcb40e21000-7fcb40e2f000 r--s 0008f000 08:05 32142                      /media/eatonmunoz/Data/Repository/maven/com/google/collections/google-collections/1.0/google-collections-1.0.jar
7fcb40e2f000-7fcb40e30000 r--s 0000a000 08:05 33023                      /media/eatonmunoz/Data/Repository/maven/commons-logging/commons-logging-api/1.1/commons-logging-api-1.1.jar
7fcb40e30000-7fcb40e37000 r--s 00051000 08:05 33513                      /media/eatonmunoz/Data/Repository/maven/log4j/log4j/1.2.12/log4j-1.2.12.jar
7fcb40e37000-7fcb40e3b000 r--s 0001d000 08:05 36929                      /media/eatonmunoz/Data/Repository/maven/org/apache/xbean/xbean-reflect/3.4/xbean-reflect-3.4.jar
7fcb40e3b000-7fcb40e3c000 r--s 00004000 08:05 37585                      /media/eatonmunoz/Data/Repository/maven/org/codehaus/plexus/plexus-compiler-javac/2.2/plexus-compiler-javac-2.2.jar
7fcb40e3c000-7fcb40e3e000 r--s 00000000 08:05 37616                      /media/eatonmunoz/Data/Repository/maven/org/codehaus/plexus/plexus-compiler-manager/2.2/plexus-compiler-manager-2.2.jar
7fcb40e3e000-7fcb40e40000 r--s 00005000 08:05 37554                      /media/eatonmunoz/Data/Repository/maven/org/codehaus/plexus/plexus-compiler-api/2.2/plexus-compiler-api-2.2.jar
7fcb40e40000-7fcb40e42000 r--s 00000000 08:05 37650                      /media/eatonmunoz/Data/Repository/maven/org/codehaus/plexus/plexus-component-annotations/1.5.5/plexus-component-annotations-1.5.5.jar
7fcb40e42000-7fcb40e44000 r--s 00002000 08:05 36286                      /media/eatonmunoz/Data/Repository/maven/org/apache/maven/shared/maven-shared-incremental/1.1/maven-shared-incremental-1.1.jar
7fcb40e44000-7fcb40e46000 r--s 00006000 08:05 32111                      /media/eatonmunoz/Data/Repository/maven/com/google/code/findbugs/jsr305/2.0.1/jsr305-2.0.1.jar
7fcb40e46000-7fcb40e49000 r--s 00023000 08:05 36300                      /media/eatonmunoz/Data/Repository/maven/org/apache/maven/shared/maven-shared-utils/0.1/maven-shared-utils-0.1.jar
7fcb40e49000-7fcb40e4d000 r--s 00030000 08:05 37988                      /media/eatonmunoz/Data/Repository/maven/org/codehaus/plexus/plexus-utils/1.5.1/plexus-utils-1.5.1.jar
7fcb40e4d000-7fcb40e4f000 r--s 00009000 08:05 35660                      /media/eatonmunoz/Data/Repository/maven/org/apache/maven/plugins/maven-compiler-plugin/3.1/maven-compiler-plugin-3.1.jar
7fcb40e4f000-7fcb40e51000 r--s 0000b000 08:05 37870                      /media/eatonmunoz/Data/Repository/maven/org/codehaus/plexus/plexus-interpolation/1.6/plexus-interpolation-1.6.jar
7fcb40e51000-7fcb40e53000 r--s 00002000 08:05 37818                      /media/eatonmunoz/Data/Repository/maven/org/codehaus/plexus/plexus-interactivity-api/1.0-alpha-4/plexus-interactivity-api-1.0-alpha-4.jar
7fcb40e53000-7fcb40e84000 rw-p 00000000 00:00 0 
7fcb40e84000-7fcb40ec1000 r-xp 00000000 08:07 1056831                    /lib/x86_64-linux-gnu/libpcre.so.3.13.1
7fcb40ec1000-7fcb410c0000 ---p 0003d000 08:07 1056831                    /lib/x86_64-linux-gnu/libpcre.so.3.13.1
7fcb410c0000-7fcb410c1000 r--p 0003c000 08:07 1056831                    /lib/x86_64-linux-gnu/libpcre.so.3.13.1
7fcb410c1000-7fcb410c2000 rw-p 0003d000 08:07 1056831                    /lib/x86_64-linux-gnu/libpcre.so.3.13.1
7fcb410c2000-7fcb410c9000 r-xp 00000000 08:07 4063327                    /usr/lib/x86_64-linux-gnu/libffi.so.6.0.1
7fcb410c9000-7fcb412c8000 ---p 00007000 08:07 4063327                    /usr/lib/x86_64-linux-gnu/libffi.so.6.0.1
7fcb412c8000-7fcb412c9000 r--p 00006000 08:07 4063327                    /usr/lib/x86_64-linux-gnu/libffi.so.6.0.1
7fcb412c9000-7fcb412ca000 rw-p 00007000 08:07 4063327                    /usr/lib/x86_64-linux-gnu/libffi.so.6.0.1
7fcb412ca000-7fcb412e1000 r-xp 00000000 08:07 1056565                    /lib/x86_64-linux-gnu/libresolv-2.19.so
7fcb412e1000-7fcb414e1000 ---p 00017000 08:07 1056565                    /lib/x86_64-linux-gnu/libresolv-2.19.so
7fcb414e1000-7fcb414e2000 r--p 00017000 08:07 1056565                    /lib/x86_64-linux-gnu/libresolv-2.19.so
7fcb414e2000-7fcb414e3000 rw-p 00018000 08:07 1056565                    /lib/x86_64-linux-gnu/libresolv-2.19.so
7fcb414e3000-7fcb414e5000 rw-p 00000000 00:00 0 
7fcb414e5000-7fcb41505000 r-xp 00000000 08:07 1053750                    /lib/x86_64-linux-gnu/libselinux.so.1
7fcb41505000-7fcb41704000 ---p 00020000 08:07 1053750                    /lib/x86_64-linux-gnu/libselinux.so.1
7fcb41704000-7fcb41705000 r--p 0001f000 08:07 1053750                    /lib/x86_64-linux-gnu/libselinux.so.1
7fcb41705000-7fcb41706000 rw-p 00020000 08:07 1053750                    /lib/x86_64-linux-gnu/libselinux.so.1
7fcb41706000-7fcb41708000 rw-p 00000000 00:00 0 
7fcb41708000-7fcb4170b000 r-xp 00000000 08:07 4073653                    /usr/lib/x86_64-linux-gnu/libgmodule-2.0.so.0.4002.0
7fcb4170b000-7fcb4190a000 ---p 00003000 08:07 4073653                    /usr/lib/x86_64-linux-gnu/libgmodule-2.0.so.0.4002.0
7fcb4190a000-7fcb4190b000 r--p 00002000 08:07 4073653                    /usr/lib/x86_64-linux-gnu/libgmodule-2.0.so.0.4002.0
7fcb4190b000-7fcb4190c000 rw-p 00003000 08:07 4073653                    /usr/lib/x86_64-linux-gnu/libgmodule-2.0.so.0.4002.0
7fcb4190c000-7fcb41a12000 r-xp 00000000 08:07 1053650                    /lib/x86_64-linux-gnu/libglib-2.0.so.0.4002.0
7fcb41a12000-7fcb41c11000 ---p 00106000 08:07 1053650                    /lib/x86_64-linux-gnu/libglib-2.0.so.0.4002.0
7fcb41c11000-7fcb41c12000 r--p 00105000 08:07 1053650                    /lib/x86_64-linux-gnu/libglib-2.0.so.0.4002.0
7fcb41c12000-7fcb41c13000 rw-p 00106000 08:07 1053650                    /lib/x86_64-linux-gnu/libglib-2.0.so.0.4002.0
7fcb41c13000-7fcb41c14000 rw-p 00000000 00:00 0 
7fcb41c14000-7fcb41c63000 r-xp 00000000 08:07 4073671                    /usr/lib/x86_64-linux-gnu/libgobject-2.0.so.0.4002.0
7fcb41c63000-7fcb41e63000 ---p 0004f000 08:07 4073671                    /usr/lib/x86_64-linux-gnu/libgobject-2.0.so.0.4002.0
7fcb41e63000-7fcb41e64000 r--p 0004f000 08:07 4073671                    /usr/lib/x86_64-linux-gnu/libgobject-2.0.so.0.4002.0
7fcb41e64000-7fcb41e65000 rw-p 00050000 08:07 4073671                    /usr/lib/x86_64-linux-gnu/libgobject-2.0.so.0.4002.0
7fcb41e65000-7fcb41fd1000 r-xp 00000000 08:07 4073637                    /usr/lib/x86_64-linux-gnu/libgio-2.0.so.0.4002.0
7fcb41fd1000-7fcb421d0000 ---p 0016c000 08:07 4073637                    /usr/lib/x86_64-linux-gnu/libgio-2.0.so.0.4002.0
7fcb421d0000-7fcb421d4000 r--p 0016b000 08:07 4073637                    /usr/lib/x86_64-linux-gnu/libgio-2.0.so.0.4002.0
7fcb421d4000-7fcb421d6000 rw-p 0016f000 08:07 4073637                    /usr/lib/x86_64-linux-gnu/libgio-2.0.so.0.4002.0
7fcb421d6000-7fcb421d8000 rw-p 00000000 00:00 0 
7fcb421d8000-7fcb421da000 r--s 00006000 08:05 32690                      /media/eatonmunoz/Data/Repository/maven/commons-cli/commons-cli/1.0/commons-cli-1.0.jar
7fcb421da000-7fcb421db000 r--s 00001000 08:05 34715                      /media/eatonmunoz/Data/Repository/maven/org/apache/maven/doxia/doxia-sink-api/1.0-alpha-7/doxia-sink-api-1.0-alpha-7.jar
7fcb421db000-7fcb421dc000 r--s 00002000 08:05 36114                      /media/eatonmunoz/Data/Repository/maven/org/apache/maven/reporting/maven-reporting-api/2.0.6/maven-reporting-api-2.0.6.jar
7fcb421dc000-7fcb421de000 r--s 00007000 08:05 36186                      /media/eatonmunoz/Data/Repository/maven/org/apache/maven/shared/maven-filtering/1.0-beta-2/maven-filtering-1.0-beta-2.jar
7fcb421de000-7fcb421e3000 r--s 00039000 08:05 38004                      /media/eatonmunoz/Data/Repository/maven/org/codehaus/plexus/plexus-utils/1.5.6/plexus-utils-1.5.6.jar
7fcb421e3000-7fcb421e6000 r--s 0001b000 08:05 33453                      /media/eatonmunoz/Data/Repository/maven/junit/junit/3.8.1/junit-3.8.1.jar
7fcb421e6000-7fcb421e8000 r--s 00004000 08:05 35957                      /media/eatonmunoz/Data/Repository/maven/org/apache/maven/plugins/maven-resources-plugin/2.3/maven-resources-plugin-2.3.jar
7fcb421e8000-7fcb421ec000 r--s 00037000 08:05 6522                       /media/eatonmunoz/Data/Repository/maven/org/codehaus/plexus/plexus-utils/3.0.15/plexus-utils-3.0.15.jar
7fcb421ec000-7fcb421f0000 r--s 00027000 08:05 32926                      /media/eatonmunoz/Data/Repository/maven/commons-io/commons-io/2.2/commons-io-2.2.jar
7fcb421f0000-7fcb421f2000 r--s 00006000 08:05 40262                      /media/eatonmunoz/Data/Repository/maven/org/slf4j/slf4j-api/1.7.7/slf4j-api-1.7.7.jar
7fcb421f2000-7fcb421f7000 r--s 0003e000 08:05 6518                       /media/eatonmunoz/Data/Repository/maven/commons-net/commons-net/3.1/commons-net-3.1.jar
7fcb421f7000-7fcb421f9000 r--s 00018000 08:07 4342942                    /usr/lib/jvm/java-7-openjdk-amd64/jre/lib/jce.jar
7fcb421f9000-7fcb421fd000 r--s 00050000 08:07 4348689                    /usr/lib/jvm/java-7-openjdk-amd64/jre/lib/jsse.jar
7fcb421fd000-7fcb42214000 r-xp 00000000 08:07 4348474                    /usr/lib/jvm/java-7-openjdk-amd64/jre/lib/amd64/libnet.so
7fcb42214000-7fcb42413000 ---p 00017000 08:07 4348474                    /usr/lib/jvm/java-7-openjdk-amd64/jre/lib/amd64/libnet.so
7fcb42413000-7fcb42414000 r--p 00016000 08:07 4348474                    /usr/lib/jvm/java-7-openjdk-amd64/jre/lib/amd64/libnet.so
7fcb42414000-7fcb42415000 rw-p 00017000 08:07 4348474                    /usr/lib/jvm/java-7-openjdk-amd64/jre/lib/amd64/libnet.so
7fcb42415000-7fcb42425000 r-xp 00000000 08:07 4348316                    /usr/lib/jvm/java-7-openjdk-amd64/jre/lib/amd64/libnio.so
7fcb42425000-7fcb42625000 ---p 00010000 08:07 4348316                    /usr/lib/jvm/java-7-openjdk-amd64/jre/lib/amd64/libnio.so
7fcb42625000-7fcb42626000 r--p 00010000 08:07 4348316                    /usr/lib/jvm/java-7-openjdk-amd64/jre/lib/amd64/libnio.so
7fcb42626000-7fcb42627000 rw-p 00011000 08:07 4348316                    /usr/lib/jvm/java-7-openjdk-amd64/jre/lib/amd64/libnio.so
7fcb42627000-7fcb4262a000 r--s 00013000 08:07 393441                     /usr/share/maven-repo/org/sonatype/aether/aether-api/1.13.1/aether-api-1.13.1.jar
7fcb4262a000-7fcb4262c000 r--s 00009000 08:07 4466181                    /usr/share/java/maven3-plugin-api-3.0.5.jar
7fcb4262c000-7fcb4262e000 r--s 00007000 08:07 4465688                    /usr/share/java/commons-cli-1.2.jar
7fcb4262e000-7fcb42630000 r--s 0000a000 08:07 4466178                    /usr/share/java/maven3-artifact-3.0.5.jar
7fcb42630000-7fcb42634000 r--s 0001c000 08:07 6426378                    /usr/share/maven-repo/org/sonatype/aether/aether-util/1.13.1/aether-util-1.13.1.jar
7fcb42634000-7fcb42636000 r--s 00025000 08:07 4466173                    /usr/share/java/maven3-model-3.0.5.jar
7fcb42636000-7fcb42642000 r--s 0007c000 08:07 4466174                    /usr/share/java/maven3-core-3.0.5.jar
7fcb42642000-7fcb42647000 r--s 00044000 08:07 4465918                    /usr/share/java/commons-httpclient-3.1.jar
7fcb42647000-7fcb42663000 r--s 00110000 08:07 4466154                    /usr/share/java/wagon-http-shaded-2.x.jar
7fcb42663000-7fcb4266f000 r--s 00082000 08:07 4466087                    /usr/share/java/sisu-guice.jar
7fcb4266f000-7fcb42673000 r--s 00033000 08:07 4466069                    /usr/share/java/plexus-utils2-2.0.5.jar
7fcb42673000-7fcb4269c000 r--s 001e9000 08:07 4465696                    /usr/share/java/guava.jar
7fcb4269c000-7fcb4269d000 ---p 00000000 00:00 0 
7fcb4269d000-7fcb4279d000 rw-p 00000000 00:00 0                          [stack:7375]
7fcb4279d000-7fcb427a0000 ---p 00000000 00:00 0 
7fcb427a0000-7fcb4289e000 rw-p 00000000 00:00 0                          [stack:7374]
7fcb4289e000-7fcb428a1000 ---p 00000000 00:00 0 
7fcb428a1000-7fcb4299f000 rw-p 00000000 00:00 0                          [stack:7373]
7fcb4299f000-7fcb429a2000 ---p 00000000 00:00 0 
7fcb429a2000-7fcb42aa0000 rw-p 00000000 00:00 0                          [stack:7372]
7fcb42aa0000-7fcb42aa3000 ---p 00000000 00:00 0 
7fcb42aa3000-7fcb42ba1000 rw-p 00000000 00:00 0                          [stack:7371]
7fcb42ba1000-7fcb42e6b000 r--p 00000000 08:07 4072089                    /usr/lib/locale/locale-archive
7fcb42e6b000-7fcb42e6e000 ---p 00000000 00:00 0 
7fcb42e6e000-7fcb42f6c000 rw-p 00000000 00:00 0                          [stack:7370]
7fcb42f6c000-7fcb42f6f000 ---p 00000000 00:00 0 
7fcb42f6f000-7fcb4306d000 rw-p 00000000 00:00 0                          [stack:7369]
7fcb4306d000-7fcb4306e000 ---p 00000000 00:00 0 
7fcb4306e000-7fcb44000000 rw-p 00000000 00:00 0                          [stack:7368]
7fcb44000000-7fcb44021000 rw-p 00000000 00:00 0 
7fcb44021000-7fcb48000000 ---p 00000000 00:00 0 
7fcb48000000-7fcb48001000 r--s 00003000 08:05 6510                       /media/eatonmunoz/Data/Repository/maven/org/apache/maven/wagon/wagon-ftp/2.10/wagon-ftp-2.10.jar
7fcb48001000-7fcb48003000 r--s 00008000 08:07 4466175                    /usr/share/java/maven3-embedder-3.0.5.jar
7fcb48003000-7fcb4800a000 r--s 0003b000 08:07 4465799                    /usr/share/java/commons-codec-1.9.jar
7fcb4800a000-7fcb4800c000 r--s 00009000 08:07 4466176                    /usr/share/java/maven3-settings-3.0.5.jar
7fcb4800c000-7fcb4800e000 r--s 00005000 08:07 4466177                    /usr/share/java/maven3-repository-metadata-3.0.5.jar
7fcb4800e000-7fcb48014000 r--s 0002c000 08:07 4466091                    /usr/share/java/sisu-inject-plexus.jar
7fcb48014000-7fcb4801b000 r--s 00040000 08:07 4466096                    /usr/share/java/sisu-inject-bean.jar
7fcb4801b000-7fcb48dd5000 rw-p 00000000 00:00 0 
7fcb48dd5000-7fcb48f8a000 r--s 01d5d000 08:07 4342993                    /usr/lib/jvm/java-7-openjdk-amd64/jre/lib/rt.jar
7fcb48f8a000-7fcb49000000 rw-p 00000000 00:00 0 
7fcb49000000-7fcb493f0000 rwxp 00000000 00:00 0 
7fcb493f0000-7fcb4cd5a000 rw-p 00000000 00:00 0 
7fcb4cd5a000-7fcb50000000 ---p 00000000 00:00 0 
7fcb50000000-7fcb50001000 r--s 00006000 08:07 4465916                    /usr/share/java/plexus-sec-dispatcher.jar
7fcb50001000-7fcb50003000 r--s 00007000 08:07 4466179                    /usr/share/java/maven3-settings-builder-3.0.5.jar
7fcb50003000-7fcb50005000 r--s 0000b000 08:07 4466172                    /usr/share/java/maven3-aether-provider-3.0.5.jar
7fcb50005000-7fcb50007000 r--s 00000000 08:07 4466076                    /usr/share/java/plexus-component-annotations-1.5-1.5.5.jar
7fcb50007000-7fcb5051e000 rw-p 00000000 00:00 0 
7fcb5051e000-7fcb5051f000 ---p 00000000 00:00 0 
7fcb5051f000-7fcb5061f000 rw-p 00000000 00:00 0                          [stack:7367]
7fcb5061f000-7fcb50620000 ---p 00000000 00:00 0 
7fcb50620000-7fcb50720000 rw-p 00000000 00:00 0                          [stack:7366]
7fcb50720000-7fcb50721000 ---p 00000000 00:00 0 
7fcb50721000-7fcb50821000 rw-p 00000000 00:00 0                          [stack:7365]
7fcb50821000-7fcb50822000 ---p 00000000 00:00 0 
7fcb50822000-7fcb50922000 rw-p 00000000 00:00 0                          [stack:7364]
7fcb50922000-7fcb50923000 ---p 00000000 00:00 0 
7fcb50923000-7fcb50a23000 rw-p 00000000 00:00 0                          [stack:7363]
7fcb50a23000-7fcb50a24000 ---p 00000000 00:00 0 
7fcb50a24000-7fcb50b24000 rw-p 00000000 00:00 0                          [stack:7362]
7fcb50b24000-7fcb50b25000 ---p 00000000 00:00 0 
7fcb50b25000-7fcb50c25000 rw-p 00000000 00:00 0                          [stack:7361]
7fcb50c25000-7fcb50c26000 ---p 00000000 00:00 0 
7fcb50c26000-7fcb50d43000 rw-p 00000000 00:00 0                          [stack:7360]
7fcb50d43000-7fcb50d79000 rw-p 00000000 00:00 0 
7fcb50d79000-7fcb50db5000 rw-p 00000000 00:00 0 
7fcb50db5000-7fcb51007000 rw-p 00000000 00:00 0 
7fcb51007000-7fcb51024000 rw-p 00000000 00:00 0 
7fcb51024000-7fcb5105a000 rw-p 00000000 00:00 0 
7fcb5105a000-7fcb51096000 rw-p 00000000 00:00 0 
7fcb51096000-7fcb512e8000 rw-p 00000000 00:00 0 
7fcb512e8000-7fcb513e5000 rw-p 00000000 00:00 0 
7fcb513e5000-7fcb513eb000 ---p 00000000 00:00 0 
7fcb513eb000-7fcb5142f000 rw-p 00000000 00:00 0 
7fcb5142f000-7fcb51430000 rw-p 00000000 00:00 0 
7fcb51430000-7fcb51438000 r-xp 00000000 08:07 4348679                    /usr/lib/jvm/java-7-openjdk-amd64/jre/lib/amd64/libzip.so
7fcb51438000-7fcb51637000 ---p 00008000 08:07 4348679                    /usr/lib/jvm/java-7-openjdk-amd64/jre/lib/amd64/libzip.so
7fcb51637000-7fcb51638000 r--p 00007000 08:07 4348679                    /usr/lib/jvm/java-7-openjdk-amd64/jre/lib/amd64/libzip.so
7fcb51638000-7fcb51639000 rw-p 00008000 08:07 4348679                    /usr/lib/jvm/java-7-openjdk-amd64/jre/lib/amd64/libzip.so
7fcb51639000-7fcb51643000 r-xp 00000000 08:07 1056590                    /lib/x86_64-linux-gnu/libnss_files-2.19.so
7fcb51643000-7fcb51842000 ---p 0000a000 08:07 1056590                    /lib/x86_64-linux-gnu/libnss_files-2.19.so
7fcb51842000-7fcb51843000 r--p 00009000 08:07 1056590                    /lib/x86_64-linux-gnu/libnss_files-2.19.so
7fcb51843000-7fcb51844000 rw-p 0000a000 08:07 1056590                    /lib/x86_64-linux-gnu/libnss_files-2.19.so
7fcb51844000-7fcb5184f000 r-xp 00000000 08:07 1056651                    /lib/x86_64-linux-gnu/libnss_nis-2.19.so
7fcb5184f000-7fcb51a4e000 ---p 0000b000 08:07 1056651                    /lib/x86_64-linux-gnu/libnss_nis-2.19.so
7fcb51a4e000-7fcb51a4f000 r--p 0000a000 08:07 1056651                    /lib/x86_64-linux-gnu/libnss_nis-2.19.so
7fcb51a4f000-7fcb51a50000 rw-p 0000b000 08:07 1056651                    /lib/x86_64-linux-gnu/libnss_nis-2.19.so
7fcb51a50000-7fcb51a67000 r-xp 00000000 08:07 1056577                    /lib/x86_64-linux-gnu/libnsl-2.19.so
7fcb51a67000-7fcb51c66000 ---p 00017000 08:07 1056577                    /lib/x86_64-linux-gnu/libnsl-2.19.so
7fcb51c66000-7fcb51c67000 r--p 00016000 08:07 1056577                    /lib/x86_64-linux-gnu/libnsl-2.19.so
7fcb51c67000-7fcb51c68000 rw-p 00017000 08:07 1056577                    /lib/x86_64-linux-gnu/libnsl-2.19.so
7fcb51c68000-7fcb51c6a000 rw-p 00000000 00:00 0 
7fcb51c6a000-7fcb51c73000 r-xp 00000000 08:07 1056648                    /lib/x86_64-linux-gnu/libnss_compat-2.19.so
7fcb51c73000-7fcb51e72000 ---p 00009000 08:07 1056648                    /lib/x86_64-linux-gnu/libnss_compat-2.19.so
7fcb51e72000-7fcb51e73000 r--p 00008000 08:07 1056648                    /lib/x86_64-linux-gnu/libnss_compat-2.19.so
7fcb51e73000-7fcb51e74000 rw-p 00009000 08:07 1056648                    /lib/x86_64-linux-gnu/libnss_compat-2.19.so
7fcb51e74000-7fcb51e9e000 r-xp 00000000 08:07 4348330                    /usr/lib/jvm/java-7-openjdk-amd64/jre/lib/amd64/libjava.so
7fcb51e9e000-7fcb5209e000 ---p 0002a000 08:07 4348330                    /usr/lib/jvm/java-7-openjdk-amd64/jre/lib/amd64/libjava.so
7fcb5209e000-7fcb5209f000 r--p 0002a000 08:07 4348330                    /usr/lib/jvm/java-7-openjdk-amd64/jre/lib/amd64/libjava.so
7fcb5209f000-7fcb520a1000 rw-p 0002b000 08:07 4348330                    /usr/lib/jvm/java-7-openjdk-amd64/jre/lib/amd64/libjava.so
7fcb520a1000-7fcb520b1000 r-xp 00000000 08:07 4348678                    /usr/lib/jvm/java-7-openjdk-amd64/jre/lib/amd64/libverify.so
7fcb520b1000-7fcb522b0000 ---p 00010000 08:07 4348678                    /usr/lib/jvm/java-7-openjdk-amd64/jre/lib/amd64/libverify.so
7fcb522b0000-7fcb522b2000 r--p 0000f000 08:07 4348678                    /usr/lib/jvm/java-7-openjdk-amd64/jre/lib/amd64/libverify.so
7fcb522b2000-7fcb522b3000 rw-p 00011000 08:07 4348678                    /usr/lib/jvm/java-7-openjdk-amd64/jre/lib/amd64/libverify.so
7fcb522b3000-7fcb522ba000 r-xp 00000000 08:07 1056641                    /lib/x86_64-linux-gnu/librt-2.19.so
7fcb522ba000-7fcb524b9000 ---p 00007000 08:07 1056641                    /lib/x86_64-linux-gnu/librt-2.19.so
7fcb524b9000-7fcb524ba000 r--p 00006000 08:07 1056641                    /lib/x86_64-linux-gnu/librt-2.19.so
7fcb524ba000-7fcb524bb000 rw-p 00007000 08:07 1056641                    /lib/x86_64-linux-gnu/librt-2.19.so
7fcb524bb000-7fcb524d1000 r-xp 00000000 08:07 1049711                    /lib/x86_64-linux-gnu/libgcc_s.so.1
7fcb524d1000-7fcb526d0000 ---p 00016000 08:07 1049711                    /lib/x86_64-linux-gnu/libgcc_s.so.1
7fcb526d0000-7fcb526d1000 rw-p 00015000 08:07 1049711                    /lib/x86_64-linux-gnu/libgcc_s.so.1
7fcb526d1000-7fcb527d6000 r-xp 00000000 08:07 1056593                    /lib/x86_64-linux-gnu/libm-2.19.so
7fcb527d6000-7fcb529d5000 ---p 00105000 08:07 1056593                    /lib/x86_64-linux-gnu/libm-2.19.so
7fcb529d5000-7fcb529d6000 r--p 00104000 08:07 1056593                    /lib/x86_64-linux-gnu/libm-2.19.so
7fcb529d6000-7fcb529d7000 rw-p 00105000 08:07 1056593                    /lib/x86_64-linux-gnu/libm-2.19.so
7fcb529d7000-7fcb52abd000 r-xp 00000000 08:07 4063488                    /usr/lib/x86_64-linux-gnu/libstdc++.so.6.0.19
7fcb52abd000-7fcb52cbc000 ---p 000e6000 08:07 4063488                    /usr/lib/x86_64-linux-gnu/libstdc++.so.6.0.19
7fcb52cbc000-7fcb52cc4000 r--p 000e5000 08:07 4063488                    /usr/lib/x86_64-linux-gnu/libstdc++.so.6.0.19
7fcb52cc4000-7fcb52cc6000 rw-p 000ed000 08:07 4063488                    /usr/lib/x86_64-linux-gnu/libstdc++.so.6.0.19
7fcb52cc6000-7fcb52cdb000 rw-p 00000000 00:00 0 
7fcb52cdb000-7fcb53809000 r-xp 00000000 08:07 4348685                    /usr/lib/jvm/java-7-openjdk-amd64/jre/lib/amd64/server/libjvm.so
7fcb53809000-7fcb53a09000 ---p 00b2e000 08:07 4348685                    /usr/lib/jvm/java-7-openjdk-amd64/jre/lib/amd64/server/libjvm.so
7fcb53a09000-7fcb53aa3000 r--p 00b2e000 08:07 4348685                    /usr/lib/jvm/java-7-openjdk-amd64/jre/lib/amd64/server/libjvm.so
7fcb53aa3000-7fcb53ac6000 rw-p 00bc8000 08:07 4348685                    /usr/lib/jvm/java-7-openjdk-amd64/jre/lib/amd64/server/libjvm.so
7fcb53ac6000-7fcb53af5000 rw-p 00000000 00:00 0 
7fcb53af5000-7fcb53b0d000 r-xp 00000000 08:07 1053781                    /lib/x86_64-linux-gnu/libz.so.1.2.8
7fcb53b0d000-7fcb53d0c000 ---p 00018000 08:07 1053781                    /lib/x86_64-linux-gnu/libz.so.1.2.8
7fcb53d0c000-7fcb53d0d000 r--p 00017000 08:07 1053781                    /lib/x86_64-linux-gnu/libz.so.1.2.8
7fcb53d0d000-7fcb53d0e000 rw-p 00018000 08:07 1053781                    /lib/x86_64-linux-gnu/libz.so.1.2.8
7fcb53d0e000-7fcb53d27000 r-xp 00000000 08:07 1056616                    /lib/x86_64-linux-gnu/libpthread-2.19.so
7fcb53d27000-7fcb53f26000 ---p 00019000 08:07 1056616                    /lib/x86_64-linux-gnu/libpthread-2.19.so
7fcb53f26000-7fcb53f27000 r--p 00018000 08:07 1056616                    /lib/x86_64-linux-gnu/libpthread-2.19.so
7fcb53f27000-7fcb53f28000 rw-p 00019000 08:07 1056616                    /lib/x86_64-linux-gnu/libpthread-2.19.so
7fcb53f28000-7fcb53f2c000 rw-p 00000000 00:00 0 
7fcb53f2c000-7fcb53f2f000 r-xp 00000000 08:07 1056640                    /lib/x86_64-linux-gnu/libdl-2.19.so
7fcb53f2f000-7fcb5412e000 ---p 00003000 08:07 1056640                    /lib/x86_64-linux-gnu/libdl-2.19.so
7fcb5412e000-7fcb5412f000 r--p 00002000 08:07 1056640                    /lib/x86_64-linux-gnu/libdl-2.19.so
7fcb5412f000-7fcb54130000 rw-p 00003000 08:07 1056640                    /lib/x86_64-linux-gnu/libdl-2.19.so
7fcb54130000-7fcb542ee000 r-xp 00000000 08:07 1056594                    /lib/x86_64-linux-gnu/libc-2.19.so
7fcb542ee000-7fcb544ee000 ---p 001be000 08:07 1056594                    /lib/x86_64-linux-gnu/libc-2.19.so
7fcb544ee000-7fcb544f2000 r--p 001be000 08:07 1056594                    /lib/x86_64-linux-gnu/libc-2.19.so
7fcb544f2000-7fcb544f4000 rw-p 001c2000 08:07 1056594                    /lib/x86_64-linux-gnu/libc-2.19.so
7fcb544f4000-7fcb544f9000 rw-p 00000000 00:00 0 
7fcb544f9000-7fcb54506000 r-xp 00000000 08:07 4348676                    /usr/lib/jvm/java-7-openjdk-amd64/jre/lib/amd64/jli/libjli.so
7fcb54506000-7fcb54705000 ---p 0000d000 08:07 4348676                    /usr/lib/jvm/java-7-openjdk-amd64/jre/lib/amd64/jli/libjli.so
7fcb54705000-7fcb54706000 r--p 0000c000 08:07 4348676                    /usr/lib/jvm/java-7-openjdk-amd64/jre/lib/amd64/jli/libjli.so
7fcb54706000-7fcb54707000 rw-p 0000d000 08:07 4348676                    /usr/lib/jvm/java-7-openjdk-amd64/jre/lib/amd64/jli/libjli.so
7fcb54707000-7fcb5472a000 r-xp 00000000 08:07 1056644                    /lib/x86_64-linux-gnu/ld-2.19.so
7fcb5472a000-7fcb5472b000 r--s 00003000 08:07 393436                     /usr/share/maven-repo/org/sonatype/aether/aether-spi/1.13.1/aether-spi-1.13.1.jar
7fcb5472b000-7fcb54731000 r--s 0003e000 08:07 4466180                    /usr/share/java/maven3-compat-3.0.5.jar
7fcb54731000-7fcb54733000 r--s 00006000 08:07 393459                     /usr/share/maven-repo/org/sonatype/aether/aether-connector-wagon/1.13.1/aether-connector-wagon-1.13.1.jar
7fcb54733000-7fcb54734000 r--s 0000d000 08:07 4465705                    /usr/share/java/commons-logging-1.1.3.jar
7fcb54734000-7fcb54736000 r--s 0000e000 08:07 4465811                    /usr/share/java/plexus-interpolation.jar
7fcb54736000-7fcb54737000 r--s 00001000 08:07 4466147                    /usr/share/java/wagon-file-2.x.jar
7fcb54737000-7fcb54739000 r--s 0000a000 08:07 4466146                    /usr/share/java/wagon-provider-api-2.x.jar
7fcb54739000-7fcb5473c000 r--s 0001d000 08:07 393453                     /usr/share/maven-repo/org/sonatype/aether/aether-impl/1.13.1/aether-impl-1.13.1.jar
7fcb5473c000-7fcb5474c000 rw-p 00000000 00:00 0 
7fcb5474c000-7fcb547fc000 rw-p 00000000 00:00 0 
7fcb547fc000-7fcb547ff000 ---p 00000000 00:00 0 
7fcb547ff000-7fcb54902000 rw-p 00000000 00:00 0                          [stack:7359]
7fcb54902000-7fcb54904000 r--s 00002000 08:07 4465914                    /usr/share/java/plexus-cipher.jar
7fcb54904000-7fcb54908000 r--s 00020000 08:07 4466182                    /usr/share/java/maven3-model-builder-3.0.5.jar
7fcb54908000-7fcb5490a000 r--s 0000a000 08:07 4465668                    /usr/share/java/plexus-classworlds2-2.5.1.jar
7fcb5490a000-7fcb5490e000 r--s 00034000 08:07 4329163                    /usr/lib/jvm/java-7-openjdk-amd64/jre/lib/ext/sunjce_provider.jar
7fcb5490e000-7fcb54912000 r--s 00085000 08:07 4329162                    /usr/lib/jvm/java-7-openjdk-amd64/jre/lib/ext/localedata.jar
7fcb54912000-7fcb54914000 r--s 00006000 08:07 4457296                    /usr/share/java/java-atk-wrapper.jar
7fcb54914000-7fcb54917000 r--s 0000f000 08:07 4329166                    /usr/lib/jvm/java-7-openjdk-amd64/jre/lib/ext/icedtea-sound.jar
7fcb54917000-7fcb5491a000 r--s 0003d000 08:07 4329160                    /usr/lib/jvm/java-7-openjdk-amd64/jre/lib/ext/sunpkcs11.jar
7fcb5491a000-7fcb5491c000 r--s 00012000 08:07 4329164                    /usr/lib/jvm/java-7-openjdk-amd64/jre/lib/ext/zipfs.jar
7fcb5491c000-7fcb5491d000 r--s 00002000 08:07 4329161                    /usr/lib/jvm/java-7-openjdk-amd64/jre/lib/ext/dnsns.jar
7fcb5491d000-7fcb54925000 rw-s 00000000 08:07 5510019                    /tmp/hsperfdata_eatonmunoz/7341
7fcb54925000-7fcb54926000 rw-p 00000000 00:00 0 
7fcb54926000-7fcb54927000 r--p 00000000 00:00 0 
7fcb54927000-7fcb54929000 rw-p 00000000 00:00 0 
7fcb54929000-7fcb5492a000 r--p 00022000 08:07 1056644                    /lib/x86_64-linux-gnu/ld-2.19.so
7fcb5492a000-7fcb5492b000 rw-p 00023000 08:07 1056644                    /lib/x86_64-linux-gnu/ld-2.19.so
7fcb5492b000-7fcb5492c000 rw-p 00000000 00:00 0 
7fff113dd000-7fff113ff000 rw-p 00000000 00:00 0                          [stack]
7fff1143e000-7fff11440000 r--p 00000000 00:00 0                          [vvar]
7fff11440000-7fff11442000 r-xp 00000000 00:00 0                          [vdso]
ffffffffff600000-ffffffffff601000 r-xp 00000000 00:00 0                  [vsyscall]

VM Arguments:
jvm_args: -Dclassworlds.conf=/usr/share/maven/bin/m2.conf -Dmaven.home=/usr/share/maven 
java_command: org.codehaus.plexus.classworlds.launcher.Launcher tomcat7:run
Launcher Type: SUN_STANDARD

Environment Variables:
JAVA_HOME=/usr/lib/jvm/java-7-openjdk-amd64
PATH=/usr/local/sbin:/usr/local/bin:/usr/sbin:/usr/bin:/sbin:/bin:/usr/games:/usr/local/games
USERNAME=eatonmunoz
SHELL=/bin/bash
DISPLAY=:0

Signal Handlers:
SIGSEGV: [libjvm.so+0x95e5a0], sa_mask[0]=0x7ffbfeff, sa_flags=0x10000004
SIGBUS: [libjvm.so+0x95e5a0], sa_mask[0]=0x7ffbfeff, sa_flags=0x10000004
SIGFPE: [libjvm.so+0x7d2170], sa_mask[0]=0x7ffbfeff, sa_flags=0x10000004
SIGPIPE: [libjvm.so+0x7d2170], sa_mask[0]=0x7ffbfeff, sa_flags=0x10000004
SIGXFSZ: [libjvm.so+0x7d2170], sa_mask[0]=0x7ffbfeff, sa_flags=0x10000004
SIGILL: [libjvm.so+0x7d2170], sa_mask[0]=0x7ffbfeff, sa_flags=0x10000004
SIGUSR1: SIG_DFL, sa_mask[0]=0x00000000, sa_flags=0x00000000
SIGUSR2: [libjvm.so+0x7d22a0], sa_mask[0]=0x00000000, sa_flags=0x10000004
SIGHUP: [libjvm.so+0x7d21f0], sa_mask[0]=0x7ffbfeff, sa_flags=0x10000004
SIGINT: [libjvm.so+0x7d21f0], sa_mask[0]=0x7ffbfeff, sa_flags=0x10000004
SIGTERM: [libjvm.so+0x7d21f0], sa_mask[0]=0x7ffbfeff, sa_flags=0x10000004
SIGQUIT: [libjvm.so+0x7d21f0], sa_mask[0]=0x7ffbfeff, sa_flags=0x10000004
SIGTRAP: SIG_DFL, sa_mask[0]=0x00000000, sa_flags=0x00000000


---------------  S Y S T E M  ---------------

OS:LinuxMint 17.3 (rosa)
uname:Linux 3.19.0-32-generic #37~14.04.1-Ubuntu SMP Thu Oct 22 09:41:40 UTC 2015 x86_64
libc:glibc 2.19 NPTL 2.19 
rlimit: STACK 8192k, CORE 0k, NPROC 31261, NOFILE 4096, AS infinity
load average:0,47 0,58 0,46

/proc/meminfo:
MemTotal:        8036008 kB
MemFree:         1723396 kB
MemAvailable:    4116160 kB
Buffers:          538732 kB
Cached:          1834160 kB
SwapCached:            0 kB
Active:          4369064 kB
Inactive:        1272224 kB
Active(anon):    3290496 kB
Inactive(anon):   222316 kB
Active(file):    1078568 kB
Inactive(file):  1049908 kB
Unevictable:          32 kB
Mlocked:              32 kB
SwapTotal:             0 kB
SwapFree:              0 kB
Dirty:               580 kB
Writeback:             0 kB
AnonPages:       3268516 kB
Mapped:           486388 kB
Shmem:            244420 kB
Slab:             560936 kB
SReclaimable:     517692 kB
SUnreclaim:        43244 kB
KernelStack:       10256 kB
PageTables:        39224 kB
NFS_Unstable:          0 kB
Bounce:                0 kB
WritebackTmp:          0 kB
CommitLimit:     4018004 kB
Committed_AS:    6008572 kB
VmallocTotal:   34359738367 kB
VmallocUsed:      384304 kB
VmallocChunk:   34359261172 kB
HardwareCorrupted:     0 kB
AnonHugePages:   2099200 kB
CmaTotal:              0 kB
CmaFree:               0 kB
HugePages_Total:       0
HugePages_Free:        0
HugePages_Rsvd:        0
HugePages_Surp:        0
Hugepagesize:       2048 kB
DirectMap4k:      136984 kB
DirectMap2M:     8112128 kB


CPU:total 8 (4 cores per cpu, 2 threads per core) family 6 model 58 stepping 9, cmov, cx8, fxsr, mmx, sse, sse2, sse3, ssse3, sse4.1, sse4.2, popcnt, avx, aes, erms, ht, tsc, tscinvbit, tscinv

/proc/cpuinfo:
processor	: 0
vendor_id	: GenuineIntel
cpu family	: 6
model		: 58
model name	: Intel(R) Core(TM) i7-3612QM CPU @ 2.10GHz
stepping	: 9
microcode	: 0x12
cpu MHz		: 2762.402
cache size	: 6144 KB
physical id	: 0
siblings	: 8
core id		: 0
cpu cores	: 4
apicid		: 0
initial apicid	: 0
fpu		: yes
fpu_exception	: yes
cpuid level	: 13
wp		: yes
flags		: fpu vme de pse tsc msr pae mce cx8 apic sep mtrr pge mca cmov pat pse36 clflush dts acpi mmx fxsr sse sse2 ss ht tm pbe syscall nx rdtscp lm constant_tsc arch_perfmon pebs bts rep_good nopl xtopology nonstop_tsc aperfmperf eagerfpu pni pclmulqdq dtes64 monitor ds_cpl vmx est tm2 ssse3 cx16 xtpr pdcm pcid sse4_1 sse4_2 x2apic popcnt tsc_deadline_timer aes xsave avx f16c rdrand lahf_lm ida arat epb pln pts dtherm tpr_shadow vnmi flexpriority ept vpid fsgsbase smep erms xsaveopt
bugs		:
bogomips	: 4190.51
clflush size	: 64
cache_alignment	: 64
address sizes	: 36 bits physical, 48 bits virtual
power management:

processor	: 1
vendor_id	: GenuineIntel
cpu family	: 6
model		: 58
model name	: Intel(R) Core(TM) i7-3612QM CPU @ 2.10GHz
stepping	: 9
microcode	: 0x12
cpu MHz		: 2368.406
cache size	: 6144 KB
physical id	: 0
siblings	: 8
core id		: 0
cpu cores	: 4
apicid		: 1
initial apicid	: 1
fpu		: yes
fpu_exception	: yes
cpuid level	: 13
wp		: yes
flags		: fpu vme de pse tsc msr pae mce cx8 apic sep mtrr pge mca cmov pat pse36 clflush dts acpi mmx fxsr sse sse2 ss ht tm pbe syscall nx rdtscp lm constant_tsc arch_perfmon pebs bts rep_good nopl xtopology nonstop_tsc aperfmperf eagerfpu pni pclmulqdq dtes64 monitor ds_cpl vmx est tm2 ssse3 cx16 xtpr pdcm pcid sse4_1 sse4_2 x2apic popcnt tsc_deadline_timer aes xsave avx f16c rdrand lahf_lm ida arat epb pln pts dtherm tpr_shadow vnmi flexpriority ept vpid fsgsbase smep erms xsaveopt
bugs		:
bogomips	: 4190.51
clflush size	: 64
cache_alignment	: 64
address sizes	: 36 bits physical, 48 bits virtual
power management:

processor	: 2
vendor_id	: GenuineIntel
cpu family	: 6
model		: 58
model name	: Intel(R) Core(TM) i7-3612QM CPU @ 2.10GHz
stepping	: 9
microcode	: 0x12
cpu MHz		: 2505.972
cache size	: 6144 KB
physical id	: 0
siblings	: 8
core id		: 1
cpu cores	: 4
apicid		: 2
initial apicid	: 2
fpu		: yes
fpu_exception	: yes
cpuid level	: 13
wp		: yes
flags		: fpu vme de pse tsc msr pae mce cx8 apic sep mtrr pge mca cmov pat pse36 clflush dts acpi mmx fxsr sse sse2 ss ht tm pbe syscall nx rdtscp lm constant_tsc arch_perfmon pebs bts rep_good nopl xtopology nonstop_tsc aperfmperf eagerfpu pni pclmulqdq dtes64 monitor ds_cpl vmx est tm2 ssse3 cx16 xtpr pdcm pcid sse4_1 sse4_2 x2apic popcnt tsc_deadline_timer aes xsave avx f16c rdrand lahf_lm ida arat epb pln pts dtherm tpr_shadow vnmi flexpriority ept vpid fsgsbase smep erms xsaveopt
bugs		:
bogomips	: 4190.51
clflush size	: 64
cache_alignment	: 64
address sizes	: 36 bits physical, 48 bits virtual
power management:

processor	: 3
vendor_id	: GenuineIntel
cpu family	: 6
model		: 58
model name	: Intel(R) Core(TM) i7-3612QM CPU @ 2.10GHz
stepping	: 9
microcode	: 0x12
cpu MHz		: 2137.652
cache size	: 6144 KB
physical id	: 0
siblings	: 8
core id		: 1
cpu cores	: 4
apicid		: 3
initial apicid	: 3
fpu		: yes
fpu_exception	: yes
cpuid level	: 13
wp		: yes
flags		: fpu vme de pse tsc msr pae mce cx8 apic sep mtrr pge mca cmov pat pse36 clflush dts acpi mmx fxsr sse sse2 ss ht tm pbe syscall nx rdtscp lm constant_tsc arch_perfmon pebs bts rep_good nopl xtopology nonstop_tsc aperfmperf eagerfpu pni pclmulqdq dtes64 monitor ds_cpl vmx est tm2 ssse3 cx16 xtpr pdcm pcid sse4_1 sse4_2 x2apic popcnt tsc_deadline_timer aes xsave avx f16c rdrand lahf_lm ida arat epb pln pts dtherm tpr_shadow vnmi flexpriority ept vpid fsgsbase smep erms xsaveopt
bugs		:
bogomips	: 4190.51
clflush size	: 64
cache_alignment	: 64
address sizes	: 36 bits physical, 48 bits virtual
power management:

processor	: 4
vendor_id	: GenuineIntel
cpu family	: 6
model		: 58
model name	: Intel(R) Core(TM) i7-3612QM CPU @ 2.10GHz
stepping	: 9
microcode	: 0x12
cpu MHz		: 2185.394
cache size	: 6144 KB
physical id	: 0
siblings	: 8
core id		: 2
cpu cores	: 4
apicid		: 4
initial apicid	: 4
fpu		: yes
fpu_exception	: yes
cpuid level	: 13
wp		: yes
flags		: fpu vme de pse tsc msr pae mce cx8 apic sep mtrr pge mca cmov pat pse36 clflush dts acpi mmx fxsr sse sse2 ss ht tm pbe syscall nx rdtscp lm constant_tsc arch_perfmon pebs bts rep_good nopl xtopology nonstop_tsc aperfmperf eagerfpu pni pclmulqdq dtes64 monitor ds_cpl vmx est tm2 ssse3 cx16 xtpr pdcm pcid sse4_1 sse4_2 x2apic popcnt tsc_deadline_timer aes xsave avx f16c rdrand lahf_lm ida arat epb pln pts dtherm tpr_shadow vnmi flexpriority ept vpid fsgsbase smep erms xsaveopt
bugs		:
bogomips	: 4190.51
clflush size	: 64
cache_alignment	: 64
address sizes	: 36 bits physical, 48 bits virtual
power management:

processor	: 5
vendor_id	: GenuineIntel
cpu family	: 6
model		: 58
model name	: Intel(R) Core(TM) i7-3612QM CPU @ 2.10GHz
stepping	: 9
microcode	: 0x12
cpu MHz		: 2443.136
cache size	: 6144 KB
physical id	: 0
siblings	: 8
core id		: 2
cpu cores	: 4
apicid		: 5
initial apicid	: 5
fpu		: yes
fpu_exception	: yes
cpuid level	: 13
wp		: yes
flags		: fpu vme de pse tsc msr pae mce cx8 apic sep mtrr pge mca cmov pat pse36 clflush dts acpi mmx fxsr sse sse2 ss ht tm pbe syscall nx rdtscp lm constant_tsc arch_perfmon pebs bts rep_good nopl xtopology nonstop_tsc aperfmperf eagerfpu pni pclmulqdq dtes64 monitor ds_cpl vmx est tm2 ssse3 cx16 xtpr pdcm pcid sse4_1 sse4_2 x2apic popcnt tsc_deadline_timer aes xsave avx f16c rdrand lahf_lm ida arat epb pln pts dtherm tpr_shadow vnmi flexpriority ept vpid fsgsbase smep erms xsaveopt
bugs		:
bogomips	: 4190.51
clflush size	: 64
cache_alignment	: 64
address sizes	: 36 bits physical, 48 bits virtual
power management:

processor	: 6
vendor_id	: GenuineIntel
cpu family	: 6
model		: 58
model name	: Intel(R) Core(TM) i7-3612QM CPU @ 2.10GHz
stepping	: 9
microcode	: 0x12
cpu MHz		: 2632.300
cache size	: 6144 KB
physical id	: 0
siblings	: 8
core id		: 3
cpu cores	: 4
apicid		: 6
initial apicid	: 6
fpu		: yes
fpu_exception	: yes
cpuid level	: 13
wp		: yes
flags		: fpu vme de pse tsc msr pae mce cx8 apic sep mtrr pge mca cmov pat pse36 clflush dts acpi mmx fxsr sse sse2 ss ht tm pbe syscall nx rdtscp lm constant_tsc arch_perfmon pebs bts rep_good nopl xtopology nonstop_tsc aperfmperf eagerfpu pni pclmulqdq dtes64 monitor ds_cpl vmx est tm2 ssse3 cx16 xtpr pdcm pcid sse4_1 sse4_2 x2apic popcnt tsc_deadline_timer aes xsave avx f16c rdrand lahf_lm ida arat epb pln pts dtherm tpr_shadow vnmi flexpriority ept vpid fsgsbase smep erms xsaveopt
bugs		:
bogomips	: 4190.51
clflush size	: 64
cache_alignment	: 64
address sizes	: 36 bits physical, 48 bits virtual
power management:

processor	: 7
vendor_id	: GenuineIntel
cpu family	: 6
model		: 58
model name	: Intel(R) Core(TM) i7-3612QM CPU @ 2.10GHz
stepping	: 9
microcode	: 0x12
cpu MHz		: 1205.777
cache size	: 6144 KB
physical id	: 0
siblings	: 8
core id		: 3
cpu cores	: 4
apicid		: 7
initial apicid	: 7
fpu		: yes
fpu_exception	: yes
cpuid level	: 13
wp		: yes
flags		: fpu vme de pse tsc msr pae mce cx8 apic sep mtrr pge mca cmov pat pse36 clflush dts acpi mmx fxsr sse sse2 ss ht tm pbe syscall nx rdtscp lm constant_tsc arch_perfmon pebs bts rep_good nopl xtopology nonstop_tsc aperfmperf eagerfpu pni pclmulqdq dtes64 monitor ds_cpl vmx est tm2 ssse3 cx16 xtpr pdcm pcid sse4_1 sse4_2 x2apic popcnt tsc_deadline_timer aes xsave avx f16c rdrand lahf_lm ida arat epb pln pts dtherm tpr_shadow vnmi flexpriority ept vpid fsgsbase smep erms xsaveopt
bugs		:
bogomips	: 4190.51
clflush size	: 64
cache_alignment	: 64
address sizes	: 36 bits physical, 48 bits virtual
power management:



Memory: 4k page, physical 8036008k(1723396k free), swap 0k(0k free)

vm_info: OpenJDK 64-Bit Server VM (24.131-b00) for linux-amd64 JRE (1.7.0_131-b00), built on May 17 2017 02:59:13 by "buildd" with gcc 4.8.4

time: Sat Sep  2 10:41:10 2017
elapsed time: 571 seconds

